Е051ХУ13------286
В490НТ750------316
С490МТ190------287
У361ТМ197------287
С546МТ190------287
С429ВН750------285
А008ЕО190------285
Е369РА190------284
В601ТХ777------285
Р201КО777------292
Т522ТК197------316
М556КО197------316
В832АВ178------316
Х039НТ750------316
В094РН777------286
Х975ТТ197------246
У177АУ161------256
В724АА190------287
М041УС71------316
Р177КУ750------280
Р493НК750------286
Х002РТ150------849
О523ЕУ777------13
С777АУ190------319
Р896УК777------319
О856МО76------336
М522ХК190------316
Т473МС750------233
О892КУ77------319
К244СУ197------242
Р862АК777------245
Т651СУ777------260
Р849ЕК190------243
В198ЕР190------319
Т003АЕ190------319
М164ОТ40------320
Н643ЕТ777------320
О815ВН50------320
О827ОС161------320
С228ЕУ777------320
С907СХ161------323
Т534ЕН50------77
Т601УН197------323
Н103НС750------323
У405УА777------326
А202АЕ37------326
А722АР37------326
Е008ХК197------327
Е770АС750------327
Н117ТУ37------327
Н145ТУ37------327
Н146ТУ37------327
Н238ТО37------327
Н242ТО37------327
Н781ТО37------327
Н969ТО37------327
М756СО777------329
Х396ВХ190------334
О417КС197------333
С873ХК199------334
К917ЕС177------333
М296КК197------333
О162МУ777------333
Р562УО197------333
Р627ТХ197------333
Р669УК97------333
В983МТ777------333
Е403КУ750------334
А141ВХ37------330
Е771АС750------330
Е772АС750------330
К972РТ197------330
Н228ТО37------330
Н322ХЕ37------330
Н392ТЕ37------330
Н393ТЕ37------330
С577АХ150------335
К418СР177------335
Е320РЕ777------336
О010ОТ777------335
Т387РН777------335
Т838РН777------335
О379АА37------336
О380АА37------336
Т395РН777------336
М423УО71------337
А209МН777------337
А210МН777------337
О573АА37------337
О461ЕО750------340
С201ХХ197------340
С570ХХ197------340
К128КО197------344
К956ТМ199------344
М285ВС197------344
Т870ОТ777------342
О090НТ97------342
Н729ЕО197------343
К761НО750------341
Н569КР750------341
В451НА750------342
В588НА750------342
Н567КР750------342
Х507АК750------342
О335ВР750------342
О336ВР750------342
О337ВР750------342
О419НР750------344
Н720МУ750------348
Н722МУ750------348
Н723МУ750 ------348
Р508АО750------348
Р509АО750------348
У753ЕВ750------348
А591УС199------348
О558ЕВ750------348
О559ЕВ750------348
О560ЕВ750------348
Т099ОХ777------348
Т291ОХ777------348
Т293ОХ777------348
Т299ОХ777 ------348
Т301ОХ777------348
М223ТЕ777------362
А368КН76------37
В565РН76------19
Т623ТМ76------27
А801ВТ777------7
О360НА777------6
В246МС777------4
Т389ЕЕ77------4
Т422МО76------4
