БА0244066!=БА0244066----
PHP Notice:  Undefined index: Действует in /home/bitrix/ext_www/xn-----7kcbjk3bbdpeqiebotj1a.xn--p1ai/admin/util/util.php on line 154

Notice: Undefined index: Действует in /home/bitrix/ext_www/xn-----7kcbjk3bbdpeqiebotj1a.xn--p1ai/admin/util/util.php on line 154
БА0244058!=БА0244058----
PHP Notice:  Undefined index: Действует in /home/bitrix/ext_www/xn-----7kcbjk3bbdpeqiebotj1a.xn--p1ai/admin/util/util.php on line 154

Notice: Undefined index: Действует in /home/bitrix/ext_www/xn-----7kcbjk3bbdpeqiebotj1a.xn--p1ai/admin/util/util.php on line 154
БА0244062!=БА0244062----
PHP Notice:  Undefined index: Действует in /home/bitrix/ext_www/xn-----7kcbjk3bbdpeqiebotj1a.xn--p1ai/admin/util/util.php on line 154

Notice: Undefined index: Действует in /home/bitrix/ext_www/xn-----7kcbjk3bbdpeqiebotj1a.xn--p1ai/admin/util/util.php on line 154
БА0239983!=БА0239983----
PHP Notice:  Undefined index: Действует in /home/bitrix/ext_www/xn-----7kcbjk3bbdpeqiebotj1a.xn--p1ai/admin/util/util.php on line 154

Notice: Undefined index: Действует in /home/bitrix/ext_www/xn-----7kcbjk3bbdpeqiebotj1a.xn--p1ai/admin/util/util.php on line 154
PHP Notice:  Undefined index: Действует in /home/bitrix/ext_www/xn-----7kcbjk3bbdpeqiebotj1a.xn--p1ai/admin/util/util.php on line 154

Notice: Undefined index: Действует in /home/bitrix/ext_www/xn-----7kcbjk3bbdpeqiebotj1a.xn--p1ai/admin/util/util.php on line 154
БА0242338!=БА0242338----
PHP Notice:  Undefined index: Действует in /home/bitrix/ext_www/xn-----7kcbjk3bbdpeqiebotj1a.xn--p1ai/admin/util/util.php on line 154

Notice: Undefined index: Действует in /home/bitrix/ext_www/xn-----7kcbjk3bbdpeqiebotj1a.xn--p1ai/admin/util/util.php on line 154
PHP Notice:  Undefined index: Действует in /home/bitrix/ext_www/xn-----7kcbjk3bbdpeqiebotj1a.xn--p1ai/admin/util/util.php on line 154

Notice: Undefined index: Действует in /home/bitrix/ext_www/xn-----7kcbjk3bbdpeqiebotj1a.xn--p1ai/admin/util/util.php on line 154
БА0242332!=БА0242332----
PHP Notice:  Undefined index: Действует in /home/bitrix/ext_www/xn-----7kcbjk3bbdpeqiebotj1a.xn--p1ai/admin/util/util.php on line 154

Notice: Undefined index: Действует in /home/bitrix/ext_www/xn-----7kcbjk3bbdpeqiebotj1a.xn--p1ai/admin/util/util.php on line 154
PHP Notice:  Undefined index: Действует in /home/bitrix/ext_www/xn-----7kcbjk3bbdpeqiebotj1a.xn--p1ai/admin/util/util.php on line 154

Notice: Undefined index: Действует in /home/bitrix/ext_www/xn-----7kcbjk3bbdpeqiebotj1a.xn--p1ai/admin/util/util.php on line 154
БА0240201!=БА0240201----
PHP Notice:  Undefined index: Действует in /home/bitrix/ext_www/xn-----7kcbjk3bbdpeqiebotj1a.xn--p1ai/admin/util/util.php on line 154

Notice: Undefined index: Действует in /home/bitrix/ext_www/xn-----7kcbjk3bbdpeqiebotj1a.xn--p1ai/admin/util/util.php on line 154
PHP Notice:  Undefined index: Действует in /home/bitrix/ext_www/xn-----7kcbjk3bbdpeqiebotj1a.xn--p1ai/admin/util/util.php on line 154

Notice: Undefined index: Действует in /home/bitrix/ext_www/xn-----7kcbjk3bbdpeqiebotj1a.xn--p1ai/admin/util/util.php on line 154
БА0240180!=БА0240180----
PHP Notice:  Undefined index: Действует in /home/bitrix/ext_www/xn-----7kcbjk3bbdpeqiebotj1a.xn--p1ai/admin/util/util.php on line 154

Notice: Undefined index: Действует in /home/bitrix/ext_www/xn-----7kcbjk3bbdpeqiebotj1a.xn--p1ai/admin/util/util.php on line 154
PHP Notice:  Undefined index: Действует in /home/bitrix/ext_www/xn-----7kcbjk3bbdpeqiebotj1a.xn--p1ai/admin/util/util.php on line 154

Notice: Undefined index: Действует in /home/bitrix/ext_www/xn-----7kcbjk3bbdpeqiebotj1a.xn--p1ai/admin/util/util.php on line 154
БА0240211!=БА0240211----
PHP Notice:  Undefined index: Действует in /home/bitrix/ext_www/xn-----7kcbjk3bbdpeqiebotj1a.xn--p1ai/admin/util/util.php on line 154

Notice: Undefined index: Действует in /home/bitrix/ext_www/xn-----7kcbjk3bbdpeqiebotj1a.xn--p1ai/admin/util/util.php on line 154
PHP Notice:  Undefined index: Действует in /home/bitrix/ext_www/xn-----7kcbjk3bbdpeqiebotj1a.xn--p1ai/admin/util/util.php on line 154

Notice: Undefined index: Действует in /home/bitrix/ext_www/xn-----7kcbjk3bbdpeqiebotj1a.xn--p1ai/admin/util/util.php on line 154
БА0239741!=БА0239741----
PHP Notice:  Undefined index: Действует in /home/bitrix/ext_www/xn-----7kcbjk3bbdpeqiebotj1a.xn--p1ai/admin/util/util.php on line 154

Notice: Undefined index: Действует in /home/bitrix/ext_www/xn-----7kcbjk3bbdpeqiebotj1a.xn--p1ai/admin/util/util.php on line 154
PHP Notice:  Undefined index: Действует in /home/bitrix/ext_www/xn-----7kcbjk3bbdpeqiebotj1a.xn--p1ai/admin/util/util.php on line 154

Notice: Undefined index: Действует in /home/bitrix/ext_www/xn-----7kcbjk3bbdpeqiebotj1a.xn--p1ai/admin/util/util.php on line 154
БА0239756!=БА0239756----
PHP Notice:  Undefined index: Действует in /home/bitrix/ext_www/xn-----7kcbjk3bbdpeqiebotj1a.xn--p1ai/admin/util/util.php on line 154

Notice: Undefined index: Действует in /home/bitrix/ext_www/xn-----7kcbjk3bbdpeqiebotj1a.xn--p1ai/admin/util/util.php on line 154
PHP Notice:  Undefined index: Действует in /home/bitrix/ext_www/xn-----7kcbjk3bbdpeqiebotj1a.xn--p1ai/admin/util/util.php on line 154

Notice: Undefined index: Действует in /home/bitrix/ext_www/xn-----7kcbjk3bbdpeqiebotj1a.xn--p1ai/admin/util/util.php on line 154
БА0239718!=БА0239718----
PHP Notice:  Undefined index: Действует in /home/bitrix/ext_www/xn-----7kcbjk3bbdpeqiebotj1a.xn--p1ai/admin/util/util.php on line 154

Notice: Undefined index: Действует in /home/bitrix/ext_www/xn-----7kcbjk3bbdpeqiebotj1a.xn--p1ai/admin/util/util.php on line 154
PHP Notice:  Undefined index: Действует in /home/bitrix/ext_www/xn-----7kcbjk3bbdpeqiebotj1a.xn--p1ai/admin/util/util.php on line 154

Notice: Undefined index: Действует in /home/bitrix/ext_www/xn-----7kcbjk3bbdpeqiebotj1a.xn--p1ai/admin/util/util.php on line 154
БА0239712!=БА0239712----
PHP Notice:  Undefined index: Действует in /home/bitrix/ext_www/xn-----7kcbjk3bbdpeqiebotj1a.xn--p1ai/admin/util/util.php on line 154

Notice: Undefined index: Действует in /home/bitrix/ext_www/xn-----7kcbjk3bbdpeqiebotj1a.xn--p1ai/admin/util/util.php on line 154
PHP Notice:  Undefined index: Действует in /home/bitrix/ext_www/xn-----7kcbjk3bbdpeqiebotj1a.xn--p1ai/admin/util/util.php on line 154

Notice: Undefined index: Действует in /home/bitrix/ext_www/xn-----7kcbjk3bbdpeqiebotj1a.xn--p1ai/admin/util/util.php on line 154
БА0241623!=БА0241623----
PHP Notice:  Undefined index: Действует in /home/bitrix/ext_www/xn-----7kcbjk3bbdpeqiebotj1a.xn--p1ai/admin/util/util.php on line 154

Notice: Undefined index: Действует in /home/bitrix/ext_www/xn-----7kcbjk3bbdpeqiebotj1a.xn--p1ai/admin/util/util.php on line 154
PHP Notice:  Undefined index: Действует in /home/bitrix/ext_www/xn-----7kcbjk3bbdpeqiebotj1a.xn--p1ai/admin/util/util.php on line 154

Notice: Undefined index: Действует in /home/bitrix/ext_www/xn-----7kcbjk3bbdpeqiebotj1a.xn--p1ai/admin/util/util.php on line 154
БА0242286!=БА0242286----
PHP Notice:  Undefined index: Действует in /home/bitrix/ext_www/xn-----7kcbjk3bbdpeqiebotj1a.xn--p1ai/admin/util/util.php on line 154

Notice: Undefined index: Действует in /home/bitrix/ext_www/xn-----7kcbjk3bbdpeqiebotj1a.xn--p1ai/admin/util/util.php on line 154
PHP Notice:  Undefined index: Действует in /home/bitrix/ext_www/xn-----7kcbjk3bbdpeqiebotj1a.xn--p1ai/admin/util/util.php on line 154

Notice: Undefined index: Действует in /home/bitrix/ext_www/xn-----7kcbjk3bbdpeqiebotj1a.xn--p1ai/admin/util/util.php on line 154
БА0242285!=БА0242285----
PHP Notice:  Undefined index: Действует in /home/bitrix/ext_www/xn-----7kcbjk3bbdpeqiebotj1a.xn--p1ai/admin/util/util.php on line 154

Notice: Undefined index: Действует in /home/bitrix/ext_www/xn-----7kcbjk3bbdpeqiebotj1a.xn--p1ai/admin/util/util.php on line 154
PHP Notice:  Undefined index: Действует in /home/bitrix/ext_www/xn-----7kcbjk3bbdpeqiebotj1a.xn--p1ai/admin/util/util.php on line 154

Notice: Undefined index: Действует in /home/bitrix/ext_www/xn-----7kcbjk3bbdpeqiebotj1a.xn--p1ai/admin/util/util.php on line 154
БА0242334!=БА0242334----
PHP Notice:  Undefined index: Действует in /home/bitrix/ext_www/xn-----7kcbjk3bbdpeqiebotj1a.xn--p1ai/admin/util/util.php on line 154

Notice: Undefined index: Действует in /home/bitrix/ext_www/xn-----7kcbjk3bbdpeqiebotj1a.xn--p1ai/admin/util/util.php on line 154
PHP Notice:  Undefined index: Действует in /home/bitrix/ext_www/xn-----7kcbjk3bbdpeqiebotj1a.xn--p1ai/admin/util/util.php on line 154

Notice: Undefined index: Действует in /home/bitrix/ext_www/xn-----7kcbjk3bbdpeqiebotj1a.xn--p1ai/admin/util/util.php on line 154
БА0243701!=БА0243701----
PHP Notice:  Undefined index: Действует in /home/bitrix/ext_www/xn-----7kcbjk3bbdpeqiebotj1a.xn--p1ai/admin/util/util.php on line 154

Notice: Undefined index: Действует in /home/bitrix/ext_www/xn-----7kcbjk3bbdpeqiebotj1a.xn--p1ai/admin/util/util.php on line 154
БА0242288!=БА0242288----
PHP Notice:  Undefined index: Действует in /home/bitrix/ext_www/xn-----7kcbjk3bbdpeqiebotj1a.xn--p1ai/admin/util/util.php on line 154

Notice: Undefined index: Действует in /home/bitrix/ext_www/xn-----7kcbjk3bbdpeqiebotj1a.xn--p1ai/admin/util/util.php on line 154
PHP Notice:  Undefined index: Действует in /home/bitrix/ext_www/xn-----7kcbjk3bbdpeqiebotj1a.xn--p1ai/admin/util/util.php on line 154

Notice: Undefined index: Действует in /home/bitrix/ext_www/xn-----7kcbjk3bbdpeqiebotj1a.xn--p1ai/admin/util/util.php on line 154
БА0240210!=БА0240210----
PHP Notice:  Undefined index: Действует in /home/bitrix/ext_www/xn-----7kcbjk3bbdpeqiebotj1a.xn--p1ai/admin/util/util.php on line 154

Notice: Undefined index: Действует in /home/bitrix/ext_www/xn-----7kcbjk3bbdpeqiebotj1a.xn--p1ai/admin/util/util.php on line 154
PHP Notice:  Undefined index: Действует in /home/bitrix/ext_www/xn-----7kcbjk3bbdpeqiebotj1a.xn--p1ai/admin/util/util.php on line 154

Notice: Undefined index: Действует in /home/bitrix/ext_www/xn-----7kcbjk3bbdpeqiebotj1a.xn--p1ai/admin/util/util.php on line 154
БА0231503!=БА0231503----
PHP Notice:  Undefined index: Действует in /home/bitrix/ext_www/xn-----7kcbjk3bbdpeqiebotj1a.xn--p1ai/admin/util/util.php on line 154

Notice: Undefined index: Действует in /home/bitrix/ext_www/xn-----7kcbjk3bbdpeqiebotj1a.xn--p1ai/admin/util/util.php on line 154
PHP Notice:  Undefined index: Действует in /home/bitrix/ext_www/xn-----7kcbjk3bbdpeqiebotj1a.xn--p1ai/admin/util/util.php on line 154

Notice: Undefined index: Действует in /home/bitrix/ext_www/xn-----7kcbjk3bbdpeqiebotj1a.xn--p1ai/admin/util/util.php on line 154
БА0233400!=БА0233400----
PHP Notice:  Undefined index: Действует in /home/bitrix/ext_www/xn-----7kcbjk3bbdpeqiebotj1a.xn--p1ai/admin/util/util.php on line 154

Notice: Undefined index: Действует in /home/bitrix/ext_www/xn-----7kcbjk3bbdpeqiebotj1a.xn--p1ai/admin/util/util.php on line 154
PHP Notice:  Undefined index: Действует in /home/bitrix/ext_www/xn-----7kcbjk3bbdpeqiebotj1a.xn--p1ai/admin/util/util.php on line 154

Notice: Undefined index: Действует in /home/bitrix/ext_www/xn-----7kcbjk3bbdpeqiebotj1a.xn--p1ai/admin/util/util.php on line 154
БА0240182!=БА0240182----
PHP Notice:  Undefined index: Действует in /home/bitrix/ext_www/xn-----7kcbjk3bbdpeqiebotj1a.xn--p1ai/admin/util/util.php on line 154

Notice: Undefined index: Действует in /home/bitrix/ext_www/xn-----7kcbjk3bbdpeqiebotj1a.xn--p1ai/admin/util/util.php on line 154
PHP Notice:  Undefined index: Действует in /home/bitrix/ext_www/xn-----7kcbjk3bbdpeqiebotj1a.xn--p1ai/admin/util/util.php on line 154

Notice: Undefined index: Действует in /home/bitrix/ext_www/xn-----7kcbjk3bbdpeqiebotj1a.xn--p1ai/admin/util/util.php on line 154
БА0246599!=БА0246599----
PHP Notice:  Undefined index: Действует in /home/bitrix/ext_www/xn-----7kcbjk3bbdpeqiebotj1a.xn--p1ai/admin/util/util.php on line 154

Notice: Undefined index: Действует in /home/bitrix/ext_www/xn-----7kcbjk3bbdpeqiebotj1a.xn--p1ai/admin/util/util.php on line 154
БА0243727!=БА0243727----
PHP Notice:  Undefined index: Действует in /home/bitrix/ext_www/xn-----7kcbjk3bbdpeqiebotj1a.xn--p1ai/admin/util/util.php on line 154

Notice: Undefined index: Действует in /home/bitrix/ext_www/xn-----7kcbjk3bbdpeqiebotj1a.xn--p1ai/admin/util/util.php on line 154
БА0246530!=БА0246530----
PHP Notice:  Undefined index: Действует in /home/bitrix/ext_www/xn-----7kcbjk3bbdpeqiebotj1a.xn--p1ai/admin/util/util.php on line 154

Notice: Undefined index: Действует in /home/bitrix/ext_www/xn-----7kcbjk3bbdpeqiebotj1a.xn--p1ai/admin/util/util.php on line 154
PHP Notice:  Undefined property: stdClass::$propusktype in /home/bitrix/ext_www/xn-----7kcbjk3bbdpeqiebotj1a.xn--p1ai/admin/util/util.php on line 26

Notice: Undefined property: stdClass::$propusktype in /home/bitrix/ext_www/xn-----7kcbjk3bbdpeqiebotj1a.xn--p1ai/admin/util/util.php on line 26
PHP Notice:  Undefined property: stdClass::$seriya in /home/bitrix/ext_www/xn-----7kcbjk3bbdpeqiebotj1a.xn--p1ai/admin/util/util.php on line 27

Notice: Undefined property: stdClass::$seriya in /home/bitrix/ext_www/xn-----7kcbjk3bbdpeqiebotj1a.xn--p1ai/admin/util/util.php on line 27
PHP Notice:  Undefined property: stdClass::$datestart in /home/bitrix/ext_www/xn-----7kcbjk3bbdpeqiebotj1a.xn--p1ai/admin/util/util.php on line 28

Notice: Undefined property: stdClass::$datestart in /home/bitrix/ext_www/xn-----7kcbjk3bbdpeqiebotj1a.xn--p1ai/admin/util/util.php on line 28
PHP Notice:  Undefined property: stdClass::$dateend in /home/bitrix/ext_www/xn-----7kcbjk3bbdpeqiebotj1a.xn--p1ai/admin/util/util.php on line 29

Notice: Undefined property: stdClass::$dateend in /home/bitrix/ext_www/xn-----7kcbjk3bbdpeqiebotj1a.xn--p1ai/admin/util/util.php on line 29
PHP Notice:  Undefined property: stdClass::$colorstatus in /home/bitrix/ext_www/xn-----7kcbjk3bbdpeqiebotj1a.xn--p1ai/admin/util/util.php on line 30

Notice: Undefined property: stdClass::$colorstatus in /home/bitrix/ext_www/xn-----7kcbjk3bbdpeqiebotj1a.xn--p1ai/admin/util/util.php on line 30
!=----
PHP Notice:  Undefined index:  in /home/bitrix/ext_www/xn-----7kcbjk3bbdpeqiebotj1a.xn--p1ai/admin/util/util.php on line 154

Notice: Undefined index:  in /home/bitrix/ext_www/xn-----7kcbjk3bbdpeqiebotj1a.xn--p1ai/admin/util/util.php on line 154
БА0242419!=БА0242419----
PHP Notice:  Undefined index: Действует in /home/bitrix/ext_www/xn-----7kcbjk3bbdpeqiebotj1a.xn--p1ai/admin/util/util.php on line 154

Notice: Undefined index: Действует in /home/bitrix/ext_www/xn-----7kcbjk3bbdpeqiebotj1a.xn--p1ai/admin/util/util.php on line 154
PHP Notice:  Undefined index: Действует in /home/bitrix/ext_www/xn-----7kcbjk3bbdpeqiebotj1a.xn--p1ai/admin/util/util.php on line 154

Notice: Undefined index: Действует in /home/bitrix/ext_www/xn-----7kcbjk3bbdpeqiebotj1a.xn--p1ai/admin/util/util.php on line 154
PHP Notice:  Undefined property: stdClass::$propusktype in /home/bitrix/ext_www/xn-----7kcbjk3bbdpeqiebotj1a.xn--p1ai/admin/util/util.php on line 26

Notice: Undefined property: stdClass::$propusktype in /home/bitrix/ext_www/xn-----7kcbjk3bbdpeqiebotj1a.xn--p1ai/admin/util/util.php on line 26
PHP Notice:  Undefined property: stdClass::$seriya in /home/bitrix/ext_www/xn-----7kcbjk3bbdpeqiebotj1a.xn--p1ai/admin/util/util.php on line 27

Notice: Undefined property: stdClass::$seriya in /home/bitrix/ext_www/xn-----7kcbjk3bbdpeqiebotj1a.xn--p1ai/admin/util/util.php on line 27
PHP Notice:  Undefined property: stdClass::$datestart in /home/bitrix/ext_www/xn-----7kcbjk3bbdpeqiebotj1a.xn--p1ai/admin/util/util.php on line 28

Notice: Undefined property: stdClass::$datestart in /home/bitrix/ext_www/xn-----7kcbjk3bbdpeqiebotj1a.xn--p1ai/admin/util/util.php on line 28
PHP Notice:  Undefined property: stdClass::$dateend in /home/bitrix/ext_www/xn-----7kcbjk3bbdpeqiebotj1a.xn--p1ai/admin/util/util.php on line 29

Notice: Undefined property: stdClass::$dateend in /home/bitrix/ext_www/xn-----7kcbjk3bbdpeqiebotj1a.xn--p1ai/admin/util/util.php on line 29
PHP Notice:  Undefined property: stdClass::$colorstatus in /home/bitrix/ext_www/xn-----7kcbjk3bbdpeqiebotj1a.xn--p1ai/admin/util/util.php on line 30

Notice: Undefined property: stdClass::$colorstatus in /home/bitrix/ext_www/xn-----7kcbjk3bbdpeqiebotj1a.xn--p1ai/admin/util/util.php on line 30
!=----
PHP Notice:  Undefined index:  in /home/bitrix/ext_www/xn-----7kcbjk3bbdpeqiebotj1a.xn--p1ai/admin/util/util.php on line 154

Notice: Undefined index:  in /home/bitrix/ext_www/xn-----7kcbjk3bbdpeqiebotj1a.xn--p1ai/admin/util/util.php on line 154
БА0243295!=БА0243295----
PHP Notice:  Undefined index: Действует in /home/bitrix/ext_www/xn-----7kcbjk3bbdpeqiebotj1a.xn--p1ai/admin/util/util.php on line 154

Notice: Undefined index: Действует in /home/bitrix/ext_www/xn-----7kcbjk3bbdpeqiebotj1a.xn--p1ai/admin/util/util.php on line 154
БА0242308!=БА0242308----
PHP Notice:  Undefined index: Действует in /home/bitrix/ext_www/xn-----7kcbjk3bbdpeqiebotj1a.xn--p1ai/admin/util/util.php on line 154

Notice: Undefined index: Действует in /home/bitrix/ext_www/xn-----7kcbjk3bbdpeqiebotj1a.xn--p1ai/admin/util/util.php on line 154
PHP Notice:  Undefined index: Действует in /home/bitrix/ext_www/xn-----7kcbjk3bbdpeqiebotj1a.xn--p1ai/admin/util/util.php on line 154

Notice: Undefined index: Действует in /home/bitrix/ext_www/xn-----7kcbjk3bbdpeqiebotj1a.xn--p1ai/admin/util/util.php on line 154
ББ0577677!=ББ0577677----
PHP Notice:  Undefined index: Закончился in /home/bitrix/ext_www/xn-----7kcbjk3bbdpeqiebotj1a.xn--p1ai/admin/util/util.php on line 154

Notice: Undefined index: Закончился in /home/bitrix/ext_www/xn-----7kcbjk3bbdpeqiebotj1a.xn--p1ai/admin/util/util.php on line 154
PHP Notice:  Undefined index: Закончился in /home/bitrix/ext_www/xn-----7kcbjk3bbdpeqiebotj1a.xn--p1ai/admin/util/util.php on line 154

Notice: Undefined index: Закончился in /home/bitrix/ext_www/xn-----7kcbjk3bbdpeqiebotj1a.xn--p1ai/admin/util/util.php on line 154
БА0223537!=БА0223537----
PHP Notice:  Undefined index: Аннулирован in /home/bitrix/ext_www/xn-----7kcbjk3bbdpeqiebotj1a.xn--p1ai/admin/util/util.php on line 154

Notice: Undefined index: Аннулирован in /home/bitrix/ext_www/xn-----7kcbjk3bbdpeqiebotj1a.xn--p1ai/admin/util/util.php on line 154
PHP Notice:  Undefined index: Аннулирован in /home/bitrix/ext_www/xn-----7kcbjk3bbdpeqiebotj1a.xn--p1ai/admin/util/util.php on line 154

Notice: Undefined index: Аннулирован in /home/bitrix/ext_www/xn-----7kcbjk3bbdpeqiebotj1a.xn--p1ai/admin/util/util.php on line 154
БА0224393!=БА0224393----
PHP Notice:  Undefined index: Аннулирован in /home/bitrix/ext_www/xn-----7kcbjk3bbdpeqiebotj1a.xn--p1ai/admin/util/util.php on line 154

Notice: Undefined index: Аннулирован in /home/bitrix/ext_www/xn-----7kcbjk3bbdpeqiebotj1a.xn--p1ai/admin/util/util.php on line 154
PHP Notice:  Undefined index: Аннулирован in /home/bitrix/ext_www/xn-----7kcbjk3bbdpeqiebotj1a.xn--p1ai/admin/util/util.php on line 154

Notice: Undefined index: Аннулирован in /home/bitrix/ext_www/xn-----7kcbjk3bbdpeqiebotj1a.xn--p1ai/admin/util/util.php on line 154
ББ0576538!=ББ0576538----
PHP Notice:  Undefined index: Закончился in /home/bitrix/ext_www/xn-----7kcbjk3bbdpeqiebotj1a.xn--p1ai/admin/util/util.php on line 154

Notice: Undefined index: Закончился in /home/bitrix/ext_www/xn-----7kcbjk3bbdpeqiebotj1a.xn--p1ai/admin/util/util.php on line 154
PHP Notice:  Undefined index: Закончился in /home/bitrix/ext_www/xn-----7kcbjk3bbdpeqiebotj1a.xn--p1ai/admin/util/util.php on line 154

Notice: Undefined index: Закончился in /home/bitrix/ext_www/xn-----7kcbjk3bbdpeqiebotj1a.xn--p1ai/admin/util/util.php on line 154
БА0242808!=БА0242808----
PHP Notice:  Undefined index: Действует in /home/bitrix/ext_www/xn-----7kcbjk3bbdpeqiebotj1a.xn--p1ai/admin/util/util.php on line 154

Notice: Undefined index: Действует in /home/bitrix/ext_www/xn-----7kcbjk3bbdpeqiebotj1a.xn--p1ai/admin/util/util.php on line 154
БА0238921!=БА0238921----
PHP Notice:  Undefined index: Действует in /home/bitrix/ext_www/xn-----7kcbjk3bbdpeqiebotj1a.xn--p1ai/admin/util/util.php on line 154

Notice: Undefined index: Действует in /home/bitrix/ext_www/xn-----7kcbjk3bbdpeqiebotj1a.xn--p1ai/admin/util/util.php on line 154
PHP Notice:  Undefined index: Действует in /home/bitrix/ext_www/xn-----7kcbjk3bbdpeqiebotj1a.xn--p1ai/admin/util/util.php on line 154

Notice: Undefined index: Действует in /home/bitrix/ext_www/xn-----7kcbjk3bbdpeqiebotj1a.xn--p1ai/admin/util/util.php on line 154
БА0242038!=БА0242038----
PHP Notice:  Undefined index: Действует in /home/bitrix/ext_www/xn-----7kcbjk3bbdpeqiebotj1a.xn--p1ai/admin/util/util.php on line 154

Notice: Undefined index: Действует in /home/bitrix/ext_www/xn-----7kcbjk3bbdpeqiebotj1a.xn--p1ai/admin/util/util.php on line 154
PHP Notice:  Undefined index: Действует in /home/bitrix/ext_www/xn-----7kcbjk3bbdpeqiebotj1a.xn--p1ai/admin/util/util.php on line 154

Notice: Undefined index: Действует in /home/bitrix/ext_www/xn-----7kcbjk3bbdpeqiebotj1a.xn--p1ai/admin/util/util.php on line 154
БА0239876!=БА0239876----
PHP Notice:  Undefined index: Действует in /home/bitrix/ext_www/xn-----7kcbjk3bbdpeqiebotj1a.xn--p1ai/admin/util/util.php on line 154

Notice: Undefined index: Действует in /home/bitrix/ext_www/xn-----7kcbjk3bbdpeqiebotj1a.xn--p1ai/admin/util/util.php on line 154
PHP Notice:  Undefined index: Действует in /home/bitrix/ext_www/xn-----7kcbjk3bbdpeqiebotj1a.xn--p1ai/admin/util/util.php on line 154

Notice: Undefined index: Действует in /home/bitrix/ext_www/xn-----7kcbjk3bbdpeqiebotj1a.xn--p1ai/admin/util/util.php on line 154
БА0241655!=БА0241655----
PHP Notice:  Undefined index: Действует in /home/bitrix/ext_www/xn-----7kcbjk3bbdpeqiebotj1a.xn--p1ai/admin/util/util.php on line 154

Notice: Undefined index: Действует in /home/bitrix/ext_www/xn-----7kcbjk3bbdpeqiebotj1a.xn--p1ai/admin/util/util.php on line 154
PHP Notice:  Undefined index: Действует in /home/bitrix/ext_www/xn-----7kcbjk3bbdpeqiebotj1a.xn--p1ai/admin/util/util.php on line 154

Notice: Undefined index: Действует in /home/bitrix/ext_www/xn-----7kcbjk3bbdpeqiebotj1a.xn--p1ai/admin/util/util.php on line 154
БА0243364!=БА0243364----
PHP Notice:  Undefined index: Действует in /home/bitrix/ext_www/xn-----7kcbjk3bbdpeqiebotj1a.xn--p1ai/admin/util/util.php on line 154

Notice: Undefined index: Действует in /home/bitrix/ext_www/xn-----7kcbjk3bbdpeqiebotj1a.xn--p1ai/admin/util/util.php on line 154
БА0163005!=БА0163005----
PHP Notice:  Undefined index: Действует in /home/bitrix/ext_www/xn-----7kcbjk3bbdpeqiebotj1a.xn--p1ai/admin/util/util.php on line 154

Notice: Undefined index: Действует in /home/bitrix/ext_www/xn-----7kcbjk3bbdpeqiebotj1a.xn--p1ai/admin/util/util.php on line 154
PHP Notice:  Undefined index: Действует in /home/bitrix/ext_www/xn-----7kcbjk3bbdpeqiebotj1a.xn--p1ai/admin/util/util.php on line 154

Notice: Undefined index: Действует in /home/bitrix/ext_www/xn-----7kcbjk3bbdpeqiebotj1a.xn--p1ai/admin/util/util.php on line 154
AA0086237!=AA0086237----
PHP Notice:  Undefined index: Закончился in /home/bitrix/ext_www/xn-----7kcbjk3bbdpeqiebotj1a.xn--p1ai/admin/util/util.php on line 154

Notice: Undefined index: Закончился in /home/bitrix/ext_www/xn-----7kcbjk3bbdpeqiebotj1a.xn--p1ai/admin/util/util.php on line 154
PHP Notice:  Undefined index: Закончился in /home/bitrix/ext_www/xn-----7kcbjk3bbdpeqiebotj1a.xn--p1ai/admin/util/util.php on line 154

Notice: Undefined index: Закончился in /home/bitrix/ext_www/xn-----7kcbjk3bbdpeqiebotj1a.xn--p1ai/admin/util/util.php on line 154
БА0243953!=БА0243953----
PHP Notice:  Undefined index: Действует in /home/bitrix/ext_www/xn-----7kcbjk3bbdpeqiebotj1a.xn--p1ai/admin/util/util.php on line 154

Notice: Undefined index: Действует in /home/bitrix/ext_www/xn-----7kcbjk3bbdpeqiebotj1a.xn--p1ai/admin/util/util.php on line 154
БА0239996!=БА0239996----
PHP Notice:  Undefined index: Действует in /home/bitrix/ext_www/xn-----7kcbjk3bbdpeqiebotj1a.xn--p1ai/admin/util/util.php on line 154

Notice: Undefined index: Действует in /home/bitrix/ext_www/xn-----7kcbjk3bbdpeqiebotj1a.xn--p1ai/admin/util/util.php on line 154
PHP Notice:  Undefined index: Действует in /home/bitrix/ext_www/xn-----7kcbjk3bbdpeqiebotj1a.xn--p1ai/admin/util/util.php on line 154

Notice: Undefined index: Действует in /home/bitrix/ext_www/xn-----7kcbjk3bbdpeqiebotj1a.xn--p1ai/admin/util/util.php on line 154
БА0242875!=БА0242875----
PHP Notice:  Undefined index: Действует in /home/bitrix/ext_www/xn-----7kcbjk3bbdpeqiebotj1a.xn--p1ai/admin/util/util.php on line 154

Notice: Undefined index: Действует in /home/bitrix/ext_www/xn-----7kcbjk3bbdpeqiebotj1a.xn--p1ai/admin/util/util.php on line 154
БА0243789!=БА0243789----
PHP Notice:  Undefined index: Действует in /home/bitrix/ext_www/xn-----7kcbjk3bbdpeqiebotj1a.xn--p1ai/admin/util/util.php on line 154

Notice: Undefined index: Действует in /home/bitrix/ext_www/xn-----7kcbjk3bbdpeqiebotj1a.xn--p1ai/admin/util/util.php on line 154
БА0242877!=БА0242877----
PHP Notice:  Undefined index: Действует in /home/bitrix/ext_www/xn-----7kcbjk3bbdpeqiebotj1a.xn--p1ai/admin/util/util.php on line 154

Notice: Undefined index: Действует in /home/bitrix/ext_www/xn-----7kcbjk3bbdpeqiebotj1a.xn--p1ai/admin/util/util.php on line 154
ББ0577750!=ББ0577750----
PHP Notice:  Undefined index: Закончился in /home/bitrix/ext_www/xn-----7kcbjk3bbdpeqiebotj1a.xn--p1ai/admin/util/util.php on line 154

Notice: Undefined index: Закончился in /home/bitrix/ext_www/xn-----7kcbjk3bbdpeqiebotj1a.xn--p1ai/admin/util/util.php on line 154
PHP Notice:  Undefined index: Закончился in /home/bitrix/ext_www/xn-----7kcbjk3bbdpeqiebotj1a.xn--p1ai/admin/util/util.php on line 154

Notice: Undefined index: Закончился in /home/bitrix/ext_www/xn-----7kcbjk3bbdpeqiebotj1a.xn--p1ai/admin/util/util.php on line 154
БА0242995!=БА0242995----
PHP Notice:  Undefined index: Действует in /home/bitrix/ext_www/xn-----7kcbjk3bbdpeqiebotj1a.xn--p1ai/admin/util/util.php on line 154

Notice: Undefined index: Действует in /home/bitrix/ext_www/xn-----7kcbjk3bbdpeqiebotj1a.xn--p1ai/admin/util/util.php on line 154
БА0244038!=БА0244038----
PHP Notice:  Undefined index: Действует in /home/bitrix/ext_www/xn-----7kcbjk3bbdpeqiebotj1a.xn--p1ai/admin/util/util.php on line 154

Notice: Undefined index: Действует in /home/bitrix/ext_www/xn-----7kcbjk3bbdpeqiebotj1a.xn--p1ai/admin/util/util.php on line 154
БА0246934!=БА0246934----
PHP Notice:  Undefined index: Действует in /home/bitrix/ext_www/xn-----7kcbjk3bbdpeqiebotj1a.xn--p1ai/admin/util/util.php on line 154

Notice: Undefined index: Действует in /home/bitrix/ext_www/xn-----7kcbjk3bbdpeqiebotj1a.xn--p1ai/admin/util/util.php on line 154
БА0242418!=БА0242418----
PHP Notice:  Undefined index: Действует in /home/bitrix/ext_www/xn-----7kcbjk3bbdpeqiebotj1a.xn--p1ai/admin/util/util.php on line 154

Notice: Undefined index: Действует in /home/bitrix/ext_www/xn-----7kcbjk3bbdpeqiebotj1a.xn--p1ai/admin/util/util.php on line 154
PHP Notice:  Undefined index: Действует in /home/bitrix/ext_www/xn-----7kcbjk3bbdpeqiebotj1a.xn--p1ai/admin/util/util.php on line 154

Notice: Undefined index: Действует in /home/bitrix/ext_www/xn-----7kcbjk3bbdpeqiebotj1a.xn--p1ai/admin/util/util.php on line 154
БА0243702!=БА0243702----
PHP Notice:  Undefined index: Действует in /home/bitrix/ext_www/xn-----7kcbjk3bbdpeqiebotj1a.xn--p1ai/admin/util/util.php on line 154

Notice: Undefined index: Действует in /home/bitrix/ext_www/xn-----7kcbjk3bbdpeqiebotj1a.xn--p1ai/admin/util/util.php on line 154
БА0243692!=БА0243692----
PHP Notice:  Undefined index: Действует in /home/bitrix/ext_www/xn-----7kcbjk3bbdpeqiebotj1a.xn--p1ai/admin/util/util.php on line 154

Notice: Undefined index: Действует in /home/bitrix/ext_www/xn-----7kcbjk3bbdpeqiebotj1a.xn--p1ai/admin/util/util.php on line 154
БА0241933!=БА0241933----
PHP Notice:  Undefined index: Действует in /home/bitrix/ext_www/xn-----7kcbjk3bbdpeqiebotj1a.xn--p1ai/admin/util/util.php on line 154

Notice: Undefined index: Действует in /home/bitrix/ext_www/xn-----7kcbjk3bbdpeqiebotj1a.xn--p1ai/admin/util/util.php on line 154
PHP Notice:  Undefined index: Действует in /home/bitrix/ext_www/xn-----7kcbjk3bbdpeqiebotj1a.xn--p1ai/admin/util/util.php on line 154

Notice: Undefined index: Действует in /home/bitrix/ext_www/xn-----7kcbjk3bbdpeqiebotj1a.xn--p1ai/admin/util/util.php on line 154
БА0229715!=БА0229715----
PHP Notice:  Undefined index: Действует in /home/bitrix/ext_www/xn-----7kcbjk3bbdpeqiebotj1a.xn--p1ai/admin/util/util.php on line 154

Notice: Undefined index: Действует in /home/bitrix/ext_www/xn-----7kcbjk3bbdpeqiebotj1a.xn--p1ai/admin/util/util.php on line 154
PHP Notice:  Undefined index: Действует in /home/bitrix/ext_www/xn-----7kcbjk3bbdpeqiebotj1a.xn--p1ai/admin/util/util.php on line 154

Notice: Undefined index: Действует in /home/bitrix/ext_www/xn-----7kcbjk3bbdpeqiebotj1a.xn--p1ai/admin/util/util.php on line 154
БА0228424!=БА0228424----
PHP Notice:  Undefined index: Действует in /home/bitrix/ext_www/xn-----7kcbjk3bbdpeqiebotj1a.xn--p1ai/admin/util/util.php on line 154

Notice: Undefined index: Действует in /home/bitrix/ext_www/xn-----7kcbjk3bbdpeqiebotj1a.xn--p1ai/admin/util/util.php on line 154
PHP Notice:  Undefined index: Действует in /home/bitrix/ext_www/xn-----7kcbjk3bbdpeqiebotj1a.xn--p1ai/admin/util/util.php on line 154

Notice: Undefined index: Действует in /home/bitrix/ext_www/xn-----7kcbjk3bbdpeqiebotj1a.xn--p1ai/admin/util/util.php on line 154
БА0228709!=БА0228709----
PHP Notice:  Undefined index: Действует in /home/bitrix/ext_www/xn-----7kcbjk3bbdpeqiebotj1a.xn--p1ai/admin/util/util.php on line 154

Notice: Undefined index: Действует in /home/bitrix/ext_www/xn-----7kcbjk3bbdpeqiebotj1a.xn--p1ai/admin/util/util.php on line 154
PHP Notice:  Undefined index: Действует in /home/bitrix/ext_www/xn-----7kcbjk3bbdpeqiebotj1a.xn--p1ai/admin/util/util.php on line 154

Notice: Undefined index: Действует in /home/bitrix/ext_www/xn-----7kcbjk3bbdpeqiebotj1a.xn--p1ai/admin/util/util.php on line 154
БА0242873!=БА0242873----
PHP Notice:  Undefined index: Действует in /home/bitrix/ext_www/xn-----7kcbjk3bbdpeqiebotj1a.xn--p1ai/admin/util/util.php on line 154

Notice: Undefined index: Действует in /home/bitrix/ext_www/xn-----7kcbjk3bbdpeqiebotj1a.xn--p1ai/admin/util/util.php on line 154
БА0229946!=БА0229946----
PHP Notice:  Undefined index: Действует in /home/bitrix/ext_www/xn-----7kcbjk3bbdpeqiebotj1a.xn--p1ai/admin/util/util.php on line 154

Notice: Undefined index: Действует in /home/bitrix/ext_www/xn-----7kcbjk3bbdpeqiebotj1a.xn--p1ai/admin/util/util.php on line 154
PHP Notice:  Undefined index: Действует in /home/bitrix/ext_www/xn-----7kcbjk3bbdpeqiebotj1a.xn--p1ai/admin/util/util.php on line 154

Notice: Undefined index: Действует in /home/bitrix/ext_www/xn-----7kcbjk3bbdpeqiebotj1a.xn--p1ai/admin/util/util.php on line 154
БА0231000!=БА0231000----
PHP Notice:  Undefined index: Действует in /home/bitrix/ext_www/xn-----7kcbjk3bbdpeqiebotj1a.xn--p1ai/admin/util/util.php on line 154

Notice: Undefined index: Действует in /home/bitrix/ext_www/xn-----7kcbjk3bbdpeqiebotj1a.xn--p1ai/admin/util/util.php on line 154
PHP Notice:  Undefined index: Действует in /home/bitrix/ext_www/xn-----7kcbjk3bbdpeqiebotj1a.xn--p1ai/admin/util/util.php on line 154

Notice: Undefined index: Действует in /home/bitrix/ext_www/xn-----7kcbjk3bbdpeqiebotj1a.xn--p1ai/admin/util/util.php on line 154
БА0234681!=БА0234681----
PHP Notice:  Undefined index: Действует in /home/bitrix/ext_www/xn-----7kcbjk3bbdpeqiebotj1a.xn--p1ai/admin/util/util.php on line 154

Notice: Undefined index: Действует in /home/bitrix/ext_www/xn-----7kcbjk3bbdpeqiebotj1a.xn--p1ai/admin/util/util.php on line 154
PHP Notice:  Undefined index: Действует in /home/bitrix/ext_www/xn-----7kcbjk3bbdpeqiebotj1a.xn--p1ai/admin/util/util.php on line 154

Notice: Undefined index: Действует in /home/bitrix/ext_www/xn-----7kcbjk3bbdpeqiebotj1a.xn--p1ai/admin/util/util.php on line 154
БА0230343!=БА0230343----
PHP Notice:  Undefined index: Действует in /home/bitrix/ext_www/xn-----7kcbjk3bbdpeqiebotj1a.xn--p1ai/admin/util/util.php on line 154

Notice: Undefined index: Действует in /home/bitrix/ext_www/xn-----7kcbjk3bbdpeqiebotj1a.xn--p1ai/admin/util/util.php on line 154
PHP Notice:  Undefined index: Действует in /home/bitrix/ext_www/xn-----7kcbjk3bbdpeqiebotj1a.xn--p1ai/admin/util/util.php on line 154

Notice: Undefined index: Действует in /home/bitrix/ext_www/xn-----7kcbjk3bbdpeqiebotj1a.xn--p1ai/admin/util/util.php on line 154
ББ0604890!=ББ0604890----
PHP Notice:  Undefined index: Действует in /home/bitrix/ext_www/xn-----7kcbjk3bbdpeqiebotj1a.xn--p1ai/admin/util/util.php on line 154

Notice: Undefined index: Действует in /home/bitrix/ext_www/xn-----7kcbjk3bbdpeqiebotj1a.xn--p1ai/admin/util/util.php on line 154
БА0242123!=БА0242123----
PHP Notice:  Undefined index: Действует in /home/bitrix/ext_www/xn-----7kcbjk3bbdpeqiebotj1a.xn--p1ai/admin/util/util.php on line 154

Notice: Undefined index: Действует in /home/bitrix/ext_www/xn-----7kcbjk3bbdpeqiebotj1a.xn--p1ai/admin/util/util.php on line 154
PHP Notice:  Undefined index: Действует in /home/bitrix/ext_www/xn-----7kcbjk3bbdpeqiebotj1a.xn--p1ai/admin/util/util.php on line 154

Notice: Undefined index: Действует in /home/bitrix/ext_www/xn-----7kcbjk3bbdpeqiebotj1a.xn--p1ai/admin/util/util.php on line 154
БА0242329!=БА0242329----
PHP Notice:  Undefined index: Действует in /home/bitrix/ext_www/xn-----7kcbjk3bbdpeqiebotj1a.xn--p1ai/admin/util/util.php on line 154

Notice: Undefined index: Действует in /home/bitrix/ext_www/xn-----7kcbjk3bbdpeqiebotj1a.xn--p1ai/admin/util/util.php on line 154
PHP Notice:  Undefined index: Действует in /home/bitrix/ext_www/xn-----7kcbjk3bbdpeqiebotj1a.xn--p1ai/admin/util/util.php on line 154

Notice: Undefined index: Действует in /home/bitrix/ext_www/xn-----7kcbjk3bbdpeqiebotj1a.xn--p1ai/admin/util/util.php on line 154
ББ0580352!=ББ0580352----
PHP Notice:  Undefined index: Действует in /home/bitrix/ext_www/xn-----7kcbjk3bbdpeqiebotj1a.xn--p1ai/admin/util/util.php on line 154

Notice: Undefined index: Действует in /home/bitrix/ext_www/xn-----7kcbjk3bbdpeqiebotj1a.xn--p1ai/admin/util/util.php on line 154
PHP Notice:  Undefined index: Действует in /home/bitrix/ext_www/xn-----7kcbjk3bbdpeqiebotj1a.xn--p1ai/admin/util/util.php on line 154

Notice: Undefined index: Действует in /home/bitrix/ext_www/xn-----7kcbjk3bbdpeqiebotj1a.xn--p1ai/admin/util/util.php on line 154
БА0243188!=БА0243188----
PHP Notice:  Undefined index: Действует in /home/bitrix/ext_www/xn-----7kcbjk3bbdpeqiebotj1a.xn--p1ai/admin/util/util.php on line 154

Notice: Undefined index: Действует in /home/bitrix/ext_www/xn-----7kcbjk3bbdpeqiebotj1a.xn--p1ai/admin/util/util.php on line 154
БА0243190!=БА0243190----
PHP Notice:  Undefined index: Действует in /home/bitrix/ext_www/xn-----7kcbjk3bbdpeqiebotj1a.xn--p1ai/admin/util/util.php on line 154

Notice: Undefined index: Действует in /home/bitrix/ext_www/xn-----7kcbjk3bbdpeqiebotj1a.xn--p1ai/admin/util/util.php on line 154
БА0242800!=БА0242800----
PHP Notice:  Undefined index: Действует in /home/bitrix/ext_www/xn-----7kcbjk3bbdpeqiebotj1a.xn--p1ai/admin/util/util.php on line 154

Notice: Undefined index: Действует in /home/bitrix/ext_www/xn-----7kcbjk3bbdpeqiebotj1a.xn--p1ai/admin/util/util.php on line 154
БА0242798!=БА0242798----
PHP Notice:  Undefined index: Действует in /home/bitrix/ext_www/xn-----7kcbjk3bbdpeqiebotj1a.xn--p1ai/admin/util/util.php on line 154

Notice: Undefined index: Действует in /home/bitrix/ext_www/xn-----7kcbjk3bbdpeqiebotj1a.xn--p1ai/admin/util/util.php on line 154
БА0242795!=БА0242795----
PHP Notice:  Undefined index: Действует in /home/bitrix/ext_www/xn-----7kcbjk3bbdpeqiebotj1a.xn--p1ai/admin/util/util.php on line 154

Notice: Undefined index: Действует in /home/bitrix/ext_www/xn-----7kcbjk3bbdpeqiebotj1a.xn--p1ai/admin/util/util.php on line 154
БА0242793!=БА0242793----
PHP Notice:  Undefined index: Действует in /home/bitrix/ext_www/xn-----7kcbjk3bbdpeqiebotj1a.xn--p1ai/admin/util/util.php on line 154

Notice: Undefined index: Действует in /home/bitrix/ext_www/xn-----7kcbjk3bbdpeqiebotj1a.xn--p1ai/admin/util/util.php on line 154
БА0242796!=БА0242796----
PHP Notice:  Undefined index: Действует in /home/bitrix/ext_www/xn-----7kcbjk3bbdpeqiebotj1a.xn--p1ai/admin/util/util.php on line 154

Notice: Undefined index: Действует in /home/bitrix/ext_www/xn-----7kcbjk3bbdpeqiebotj1a.xn--p1ai/admin/util/util.php on line 154
БА0242794!=БА0242794----
PHP Notice:  Undefined index: Действует in /home/bitrix/ext_www/xn-----7kcbjk3bbdpeqiebotj1a.xn--p1ai/admin/util/util.php on line 154

Notice: Undefined index: Действует in /home/bitrix/ext_www/xn-----7kcbjk3bbdpeqiebotj1a.xn--p1ai/admin/util/util.php on line 154
БА0243755!=БА0243755----
PHP Notice:  Undefined index: Действует in /home/bitrix/ext_www/xn-----7kcbjk3bbdpeqiebotj1a.xn--p1ai/admin/util/util.php on line 154

Notice: Undefined index: Действует in /home/bitrix/ext_www/xn-----7kcbjk3bbdpeqiebotj1a.xn--p1ai/admin/util/util.php on line 154
БА0242945!=БА0242945----
PHP Notice:  Undefined index: Действует in /home/bitrix/ext_www/xn-----7kcbjk3bbdpeqiebotj1a.xn--p1ai/admin/util/util.php on line 154

Notice: Undefined index: Действует in /home/bitrix/ext_www/xn-----7kcbjk3bbdpeqiebotj1a.xn--p1ai/admin/util/util.php on line 154
БА0242942!=БА0242942----
PHP Notice:  Undefined index: Действует in /home/bitrix/ext_www/xn-----7kcbjk3bbdpeqiebotj1a.xn--p1ai/admin/util/util.php on line 154

Notice: Undefined index: Действует in /home/bitrix/ext_www/xn-----7kcbjk3bbdpeqiebotj1a.xn--p1ai/admin/util/util.php on line 154
БА0205654!=БА0205654----
PHP Notice:  Undefined index: Действует in /home/bitrix/ext_www/xn-----7kcbjk3bbdpeqiebotj1a.xn--p1ai/admin/util/util.php on line 154

Notice: Undefined index: Действует in /home/bitrix/ext_www/xn-----7kcbjk3bbdpeqiebotj1a.xn--p1ai/admin/util/util.php on line 154
БА0243758!=БА0243758----
PHP Notice:  Undefined index: Действует in /home/bitrix/ext_www/xn-----7kcbjk3bbdpeqiebotj1a.xn--p1ai/admin/util/util.php on line 154

Notice: Undefined index: Действует in /home/bitrix/ext_www/xn-----7kcbjk3bbdpeqiebotj1a.xn--p1ai/admin/util/util.php on line 154
БА0242417!=БА0242417----
PHP Notice:  Undefined index: Действует in /home/bitrix/ext_www/xn-----7kcbjk3bbdpeqiebotj1a.xn--p1ai/admin/util/util.php on line 154

Notice: Undefined index: Действует in /home/bitrix/ext_www/xn-----7kcbjk3bbdpeqiebotj1a.xn--p1ai/admin/util/util.php on line 154
БА0242422!=БА0242422----
PHP Notice:  Undefined index: Действует in /home/bitrix/ext_www/xn-----7kcbjk3bbdpeqiebotj1a.xn--p1ai/admin/util/util.php on line 154

Notice: Undefined index: Действует in /home/bitrix/ext_www/xn-----7kcbjk3bbdpeqiebotj1a.xn--p1ai/admin/util/util.php on line 154
БА0243756!=БА0243756----
PHP Notice:  Undefined index: Действует in /home/bitrix/ext_www/xn-----7kcbjk3bbdpeqiebotj1a.xn--p1ai/admin/util/util.php on line 154

Notice: Undefined index: Действует in /home/bitrix/ext_www/xn-----7kcbjk3bbdpeqiebotj1a.xn--p1ai/admin/util/util.php on line 154
БА0246654!=БА0246654----
PHP Notice:  Undefined index: Действует in /home/bitrix/ext_www/xn-----7kcbjk3bbdpeqiebotj1a.xn--p1ai/admin/util/util.php on line 154

Notice: Undefined index: Действует in /home/bitrix/ext_www/xn-----7kcbjk3bbdpeqiebotj1a.xn--p1ai/admin/util/util.php on line 154
PHP Notice:  Undefined property: stdClass::$propusktype in /home/bitrix/ext_www/xn-----7kcbjk3bbdpeqiebotj1a.xn--p1ai/admin/util/util.php on line 26

Notice: Undefined property: stdClass::$propusktype in /home/bitrix/ext_www/xn-----7kcbjk3bbdpeqiebotj1a.xn--p1ai/admin/util/util.php on line 26
PHP Notice:  Undefined property: stdClass::$seriya in /home/bitrix/ext_www/xn-----7kcbjk3bbdpeqiebotj1a.xn--p1ai/admin/util/util.php on line 27

Notice: Undefined property: stdClass::$seriya in /home/bitrix/ext_www/xn-----7kcbjk3bbdpeqiebotj1a.xn--p1ai/admin/util/util.php on line 27
PHP Notice:  Undefined property: stdClass::$datestart in /home/bitrix/ext_www/xn-----7kcbjk3bbdpeqiebotj1a.xn--p1ai/admin/util/util.php on line 28

Notice: Undefined property: stdClass::$datestart in /home/bitrix/ext_www/xn-----7kcbjk3bbdpeqiebotj1a.xn--p1ai/admin/util/util.php on line 28
PHP Notice:  Undefined property: stdClass::$dateend in /home/bitrix/ext_www/xn-----7kcbjk3bbdpeqiebotj1a.xn--p1ai/admin/util/util.php on line 29

Notice: Undefined property: stdClass::$dateend in /home/bitrix/ext_www/xn-----7kcbjk3bbdpeqiebotj1a.xn--p1ai/admin/util/util.php on line 29
PHP Notice:  Undefined property: stdClass::$colorstatus in /home/bitrix/ext_www/xn-----7kcbjk3bbdpeqiebotj1a.xn--p1ai/admin/util/util.php on line 30

Notice: Undefined property: stdClass::$colorstatus in /home/bitrix/ext_www/xn-----7kcbjk3bbdpeqiebotj1a.xn--p1ai/admin/util/util.php on line 30
!=----
PHP Notice:  Undefined index:  in /home/bitrix/ext_www/xn-----7kcbjk3bbdpeqiebotj1a.xn--p1ai/admin/util/util.php on line 154

Notice: Undefined index:  in /home/bitrix/ext_www/xn-----7kcbjk3bbdpeqiebotj1a.xn--p1ai/admin/util/util.php on line 154
БА0244312!=БА0244312----
PHP Notice:  Undefined index: Действует in /home/bitrix/ext_www/xn-----7kcbjk3bbdpeqiebotj1a.xn--p1ai/admin/util/util.php on line 154

Notice: Undefined index: Действует in /home/bitrix/ext_www/xn-----7kcbjk3bbdpeqiebotj1a.xn--p1ai/admin/util/util.php on line 154
БА0244377!=БА0244377----
PHP Notice:  Undefined index: Действует in /home/bitrix/ext_www/xn-----7kcbjk3bbdpeqiebotj1a.xn--p1ai/admin/util/util.php on line 154

Notice: Undefined index: Действует in /home/bitrix/ext_www/xn-----7kcbjk3bbdpeqiebotj1a.xn--p1ai/admin/util/util.php on line 154
БА0244376!=БА0244376----
PHP Notice:  Undefined index: Действует in /home/bitrix/ext_www/xn-----7kcbjk3bbdpeqiebotj1a.xn--p1ai/admin/util/util.php on line 154

Notice: Undefined index: Действует in /home/bitrix/ext_www/xn-----7kcbjk3bbdpeqiebotj1a.xn--p1ai/admin/util/util.php on line 154
БА0244702!=БА0244702----
PHP Notice:  Undefined index: Действует in /home/bitrix/ext_www/xn-----7kcbjk3bbdpeqiebotj1a.xn--p1ai/admin/util/util.php on line 154

Notice: Undefined index: Действует in /home/bitrix/ext_www/xn-----7kcbjk3bbdpeqiebotj1a.xn--p1ai/admin/util/util.php on line 154
БА0244781!=БА0244781----
PHP Notice:  Undefined index: Действует in /home/bitrix/ext_www/xn-----7kcbjk3bbdpeqiebotj1a.xn--p1ai/admin/util/util.php on line 154

Notice: Undefined index: Действует in /home/bitrix/ext_www/xn-----7kcbjk3bbdpeqiebotj1a.xn--p1ai/admin/util/util.php on line 154
БА0244784!=БА0244784----
PHP Notice:  Undefined index: Действует in /home/bitrix/ext_www/xn-----7kcbjk3bbdpeqiebotj1a.xn--p1ai/admin/util/util.php on line 154

Notice: Undefined index: Действует in /home/bitrix/ext_www/xn-----7kcbjk3bbdpeqiebotj1a.xn--p1ai/admin/util/util.php on line 154
БА0244783!=БА0244783----
PHP Notice:  Undefined index: Действует in /home/bitrix/ext_www/xn-----7kcbjk3bbdpeqiebotj1a.xn--p1ai/admin/util/util.php on line 154

Notice: Undefined index: Действует in /home/bitrix/ext_www/xn-----7kcbjk3bbdpeqiebotj1a.xn--p1ai/admin/util/util.php on line 154
БА0244788!=БА0244788----
PHP Notice:  Undefined index: Действует in /home/bitrix/ext_www/xn-----7kcbjk3bbdpeqiebotj1a.xn--p1ai/admin/util/util.php on line 154

Notice: Undefined index: Действует in /home/bitrix/ext_www/xn-----7kcbjk3bbdpeqiebotj1a.xn--p1ai/admin/util/util.php on line 154
БА0244782!=БА0244782----
PHP Notice:  Undefined index: Действует in /home/bitrix/ext_www/xn-----7kcbjk3bbdpeqiebotj1a.xn--p1ai/admin/util/util.php on line 154

Notice: Undefined index: Действует in /home/bitrix/ext_www/xn-----7kcbjk3bbdpeqiebotj1a.xn--p1ai/admin/util/util.php on line 154
БА0244814!=БА0244814----
PHP Notice:  Undefined index: Действует in /home/bitrix/ext_www/xn-----7kcbjk3bbdpeqiebotj1a.xn--p1ai/admin/util/util.php on line 154

Notice: Undefined index: Действует in /home/bitrix/ext_www/xn-----7kcbjk3bbdpeqiebotj1a.xn--p1ai/admin/util/util.php on line 154
БА0244819!=БА0244819----
PHP Notice:  Undefined index: Действует in /home/bitrix/ext_www/xn-----7kcbjk3bbdpeqiebotj1a.xn--p1ai/admin/util/util.php on line 154

Notice: Undefined index: Действует in /home/bitrix/ext_www/xn-----7kcbjk3bbdpeqiebotj1a.xn--p1ai/admin/util/util.php on line 154
БА0244813!=БА0244813----
PHP Notice:  Undefined index: Действует in /home/bitrix/ext_www/xn-----7kcbjk3bbdpeqiebotj1a.xn--p1ai/admin/util/util.php on line 154

Notice: Undefined index: Действует in /home/bitrix/ext_www/xn-----7kcbjk3bbdpeqiebotj1a.xn--p1ai/admin/util/util.php on line 154
БА0244817!=БА0244817----
PHP Notice:  Undefined index: Действует in /home/bitrix/ext_www/xn-----7kcbjk3bbdpeqiebotj1a.xn--p1ai/admin/util/util.php on line 154

Notice: Undefined index: Действует in /home/bitrix/ext_www/xn-----7kcbjk3bbdpeqiebotj1a.xn--p1ai/admin/util/util.php on line 154
БА0244815!=БА0244815----
PHP Notice:  Undefined index: Действует in /home/bitrix/ext_www/xn-----7kcbjk3bbdpeqiebotj1a.xn--p1ai/admin/util/util.php on line 154

Notice: Undefined index: Действует in /home/bitrix/ext_www/xn-----7kcbjk3bbdpeqiebotj1a.xn--p1ai/admin/util/util.php on line 154
БА0245402!=БА0245402----
PHP Notice:  Undefined index: Действует in /home/bitrix/ext_www/xn-----7kcbjk3bbdpeqiebotj1a.xn--p1ai/admin/util/util.php on line 154

Notice: Undefined index: Действует in /home/bitrix/ext_www/xn-----7kcbjk3bbdpeqiebotj1a.xn--p1ai/admin/util/util.php on line 154
БА0245422!=БА0245422----
PHP Notice:  Undefined index: Действует in /home/bitrix/ext_www/xn-----7kcbjk3bbdpeqiebotj1a.xn--p1ai/admin/util/util.php on line 154

Notice: Undefined index: Действует in /home/bitrix/ext_www/xn-----7kcbjk3bbdpeqiebotj1a.xn--p1ai/admin/util/util.php on line 154
БА0246171!=БА0246171----
PHP Notice:  Undefined index: Действует in /home/bitrix/ext_www/xn-----7kcbjk3bbdpeqiebotj1a.xn--p1ai/admin/util/util.php on line 154

Notice: Undefined index: Действует in /home/bitrix/ext_www/xn-----7kcbjk3bbdpeqiebotj1a.xn--p1ai/admin/util/util.php on line 154
БА0245771!=БА0245771----
PHP Notice:  Undefined index: Действует in /home/bitrix/ext_www/xn-----7kcbjk3bbdpeqiebotj1a.xn--p1ai/admin/util/util.php on line 154

Notice: Undefined index: Действует in /home/bitrix/ext_www/xn-----7kcbjk3bbdpeqiebotj1a.xn--p1ai/admin/util/util.php on line 154
БА0246175!=БА0246175----
PHP Notice:  Undefined index: Действует in /home/bitrix/ext_www/xn-----7kcbjk3bbdpeqiebotj1a.xn--p1ai/admin/util/util.php on line 154

Notice: Undefined index: Действует in /home/bitrix/ext_www/xn-----7kcbjk3bbdpeqiebotj1a.xn--p1ai/admin/util/util.php on line 154
ББ0592349!=ББ0592349----
PHP Notice:  Undefined index: Заканчивается сегодня in /home/bitrix/ext_www/xn-----7kcbjk3bbdpeqiebotj1a.xn--p1ai/admin/util/util.php on line 154

Notice: Undefined index: Заканчивается сегодня in /home/bitrix/ext_www/xn-----7kcbjk3bbdpeqiebotj1a.xn--p1ai/admin/util/util.php on line 154
БА0245738!=БА0245738----
PHP Notice:  Undefined index: Действует in /home/bitrix/ext_www/xn-----7kcbjk3bbdpeqiebotj1a.xn--p1ai/admin/util/util.php on line 154

Notice: Undefined index: Действует in /home/bitrix/ext_www/xn-----7kcbjk3bbdpeqiebotj1a.xn--p1ai/admin/util/util.php on line 154
БА0245741!=БА0245741----
PHP Notice:  Undefined index: Действует in /home/bitrix/ext_www/xn-----7kcbjk3bbdpeqiebotj1a.xn--p1ai/admin/util/util.php on line 154

Notice: Undefined index: Действует in /home/bitrix/ext_www/xn-----7kcbjk3bbdpeqiebotj1a.xn--p1ai/admin/util/util.php on line 154
БА0245739!=БА0245739----
PHP Notice:  Undefined index: Действует in /home/bitrix/ext_www/xn-----7kcbjk3bbdpeqiebotj1a.xn--p1ai/admin/util/util.php on line 154

Notice: Undefined index: Действует in /home/bitrix/ext_www/xn-----7kcbjk3bbdpeqiebotj1a.xn--p1ai/admin/util/util.php on line 154
БА0245740!=БА0245740----
PHP Notice:  Undefined index: Действует in /home/bitrix/ext_www/xn-----7kcbjk3bbdpeqiebotj1a.xn--p1ai/admin/util/util.php on line 154

Notice: Undefined index: Действует in /home/bitrix/ext_www/xn-----7kcbjk3bbdpeqiebotj1a.xn--p1ai/admin/util/util.php on line 154
БА0245737!=БА0245737----
PHP Notice:  Undefined index: Действует in /home/bitrix/ext_www/xn-----7kcbjk3bbdpeqiebotj1a.xn--p1ai/admin/util/util.php on line 154

Notice: Undefined index: Действует in /home/bitrix/ext_www/xn-----7kcbjk3bbdpeqiebotj1a.xn--p1ai/admin/util/util.php on line 154
БА0245742!=БА0245742----
PHP Notice:  Undefined index: Действует in /home/bitrix/ext_www/xn-----7kcbjk3bbdpeqiebotj1a.xn--p1ai/admin/util/util.php on line 154

Notice: Undefined index: Действует in /home/bitrix/ext_www/xn-----7kcbjk3bbdpeqiebotj1a.xn--p1ai/admin/util/util.php on line 154
БА0245743!=БА0245743----
PHP Notice:  Undefined index: Действует in /home/bitrix/ext_www/xn-----7kcbjk3bbdpeqiebotj1a.xn--p1ai/admin/util/util.php on line 154

Notice: Undefined index: Действует in /home/bitrix/ext_www/xn-----7kcbjk3bbdpeqiebotj1a.xn--p1ai/admin/util/util.php on line 154
БА0245208!=БА0245208----
PHP Notice:  Undefined index: Действует in /home/bitrix/ext_www/xn-----7kcbjk3bbdpeqiebotj1a.xn--p1ai/admin/util/util.php on line 154

Notice: Undefined index: Действует in /home/bitrix/ext_www/xn-----7kcbjk3bbdpeqiebotj1a.xn--p1ai/admin/util/util.php on line 154
БА0246030!=БА0246030----
PHP Notice:  Undefined index: Действует in /home/bitrix/ext_www/xn-----7kcbjk3bbdpeqiebotj1a.xn--p1ai/admin/util/util.php on line 154

Notice: Undefined index: Действует in /home/bitrix/ext_www/xn-----7kcbjk3bbdpeqiebotj1a.xn--p1ai/admin/util/util.php on line 154
БА0245147!=БА0245147----
PHP Notice:  Undefined index: Действует in /home/bitrix/ext_www/xn-----7kcbjk3bbdpeqiebotj1a.xn--p1ai/admin/util/util.php on line 154

Notice: Undefined index: Действует in /home/bitrix/ext_www/xn-----7kcbjk3bbdpeqiebotj1a.xn--p1ai/admin/util/util.php on line 154
БА0245150!=БА0245150----
PHP Notice:  Undefined index: Действует in /home/bitrix/ext_www/xn-----7kcbjk3bbdpeqiebotj1a.xn--p1ai/admin/util/util.php on line 154

Notice: Undefined index: Действует in /home/bitrix/ext_www/xn-----7kcbjk3bbdpeqiebotj1a.xn--p1ai/admin/util/util.php on line 154
БА0245144!=БА0245144----
PHP Notice:  Undefined index: Действует in /home/bitrix/ext_www/xn-----7kcbjk3bbdpeqiebotj1a.xn--p1ai/admin/util/util.php on line 154

Notice: Undefined index: Действует in /home/bitrix/ext_www/xn-----7kcbjk3bbdpeqiebotj1a.xn--p1ai/admin/util/util.php on line 154
БА0245143!=БА0245143----
PHP Notice:  Undefined index: Действует in /home/bitrix/ext_www/xn-----7kcbjk3bbdpeqiebotj1a.xn--p1ai/admin/util/util.php on line 154

Notice: Undefined index: Действует in /home/bitrix/ext_www/xn-----7kcbjk3bbdpeqiebotj1a.xn--p1ai/admin/util/util.php on line 154
БА0245344!=БА0245344----
PHP Notice:  Undefined index: Действует in /home/bitrix/ext_www/xn-----7kcbjk3bbdpeqiebotj1a.xn--p1ai/admin/util/util.php on line 154

Notice: Undefined index: Действует in /home/bitrix/ext_www/xn-----7kcbjk3bbdpeqiebotj1a.xn--p1ai/admin/util/util.php on line 154
БА0245346!=БА0245346----
PHP Notice:  Undefined index: Действует in /home/bitrix/ext_www/xn-----7kcbjk3bbdpeqiebotj1a.xn--p1ai/admin/util/util.php on line 154

Notice: Undefined index: Действует in /home/bitrix/ext_www/xn-----7kcbjk3bbdpeqiebotj1a.xn--p1ai/admin/util/util.php on line 154
БА0245343!=БА0245343----
PHP Notice:  Undefined index: Действует in /home/bitrix/ext_www/xn-----7kcbjk3bbdpeqiebotj1a.xn--p1ai/admin/util/util.php on line 154

Notice: Undefined index: Действует in /home/bitrix/ext_www/xn-----7kcbjk3bbdpeqiebotj1a.xn--p1ai/admin/util/util.php on line 154
БА0245345!=БА0245345----
PHP Notice:  Undefined index: Действует in /home/bitrix/ext_www/xn-----7kcbjk3bbdpeqiebotj1a.xn--p1ai/admin/util/util.php on line 154

Notice: Undefined index: Действует in /home/bitrix/ext_www/xn-----7kcbjk3bbdpeqiebotj1a.xn--p1ai/admin/util/util.php on line 154
БА0246382!=БА0246382----
PHP Notice:  Undefined index: Действует in /home/bitrix/ext_www/xn-----7kcbjk3bbdpeqiebotj1a.xn--p1ai/admin/util/util.php on line 154

Notice: Undefined index: Действует in /home/bitrix/ext_www/xn-----7kcbjk3bbdpeqiebotj1a.xn--p1ai/admin/util/util.php on line 154
БА0246608!=БА0246608----
PHP Notice:  Undefined index: Действует in /home/bitrix/ext_www/xn-----7kcbjk3bbdpeqiebotj1a.xn--p1ai/admin/util/util.php on line 154

Notice: Undefined index: Действует in /home/bitrix/ext_www/xn-----7kcbjk3bbdpeqiebotj1a.xn--p1ai/admin/util/util.php on line 154
БА0246759!=БА0246759----
PHP Notice:  Undefined index: Действует in /home/bitrix/ext_www/xn-----7kcbjk3bbdpeqiebotj1a.xn--p1ai/admin/util/util.php on line 154

Notice: Undefined index: Действует in /home/bitrix/ext_www/xn-----7kcbjk3bbdpeqiebotj1a.xn--p1ai/admin/util/util.php on line 154
БА0246367!=БА0246367----
PHP Notice:  Undefined index: Действует in /home/bitrix/ext_www/xn-----7kcbjk3bbdpeqiebotj1a.xn--p1ai/admin/util/util.php on line 154

Notice: Undefined index: Действует in /home/bitrix/ext_www/xn-----7kcbjk3bbdpeqiebotj1a.xn--p1ai/admin/util/util.php on line 154
БА0246370!=БА0246370----
PHP Notice:  Undefined index: Действует in /home/bitrix/ext_www/xn-----7kcbjk3bbdpeqiebotj1a.xn--p1ai/admin/util/util.php on line 154

Notice: Undefined index: Действует in /home/bitrix/ext_www/xn-----7kcbjk3bbdpeqiebotj1a.xn--p1ai/admin/util/util.php on line 154
БА0246369!=БА0246369----
PHP Notice:  Undefined index: Действует in /home/bitrix/ext_www/xn-----7kcbjk3bbdpeqiebotj1a.xn--p1ai/admin/util/util.php on line 154

Notice: Undefined index: Действует in /home/bitrix/ext_www/xn-----7kcbjk3bbdpeqiebotj1a.xn--p1ai/admin/util/util.php on line 154
БА0246930!=БА0246930----
PHP Notice:  Undefined index: Действует in /home/bitrix/ext_www/xn-----7kcbjk3bbdpeqiebotj1a.xn--p1ai/admin/util/util.php on line 154

Notice: Undefined index: Действует in /home/bitrix/ext_www/xn-----7kcbjk3bbdpeqiebotj1a.xn--p1ai/admin/util/util.php on line 154
БА0246935!=БА0246935----
PHP Notice:  Undefined index: Действует in /home/bitrix/ext_www/xn-----7kcbjk3bbdpeqiebotj1a.xn--p1ai/admin/util/util.php on line 154

Notice: Undefined index: Действует in /home/bitrix/ext_www/xn-----7kcbjk3bbdpeqiebotj1a.xn--p1ai/admin/util/util.php on line 154
БА0247654!=БА0247654----
PHP Notice:  Undefined index: Действует in /home/bitrix/ext_www/xn-----7kcbjk3bbdpeqiebotj1a.xn--p1ai/admin/util/util.php on line 154

Notice: Undefined index: Действует in /home/bitrix/ext_www/xn-----7kcbjk3bbdpeqiebotj1a.xn--p1ai/admin/util/util.php on line 154
БА0246936!=БА0246936----
PHP Notice:  Undefined index: Действует in /home/bitrix/ext_www/xn-----7kcbjk3bbdpeqiebotj1a.xn--p1ai/admin/util/util.php on line 154

Notice: Undefined index: Действует in /home/bitrix/ext_www/xn-----7kcbjk3bbdpeqiebotj1a.xn--p1ai/admin/util/util.php on line 154
БА0246937!=БА0246937----
PHP Notice:  Undefined index: Действует in /home/bitrix/ext_www/xn-----7kcbjk3bbdpeqiebotj1a.xn--p1ai/admin/util/util.php on line 154

Notice: Undefined index: Действует in /home/bitrix/ext_www/xn-----7kcbjk3bbdpeqiebotj1a.xn--p1ai/admin/util/util.php on line 154
БА0247046!=БА0247046----
PHP Notice:  Undefined index: Действует in /home/bitrix/ext_www/xn-----7kcbjk3bbdpeqiebotj1a.xn--p1ai/admin/util/util.php on line 154

Notice: Undefined index: Действует in /home/bitrix/ext_www/xn-----7kcbjk3bbdpeqiebotj1a.xn--p1ai/admin/util/util.php on line 154
БА0246750!=БА0246750----
PHP Notice:  Undefined index: Действует in /home/bitrix/ext_www/xn-----7kcbjk3bbdpeqiebotj1a.xn--p1ai/admin/util/util.php on line 154

Notice: Undefined index: Действует in /home/bitrix/ext_www/xn-----7kcbjk3bbdpeqiebotj1a.xn--p1ai/admin/util/util.php on line 154
БА0246744!=БА0246744----
PHP Notice:  Undefined index: Действует in /home/bitrix/ext_www/xn-----7kcbjk3bbdpeqiebotj1a.xn--p1ai/admin/util/util.php on line 154

Notice: Undefined index: Действует in /home/bitrix/ext_www/xn-----7kcbjk3bbdpeqiebotj1a.xn--p1ai/admin/util/util.php on line 154
БА0247122!=БА0247122----
PHP Notice:  Undefined index: Действует in /home/bitrix/ext_www/xn-----7kcbjk3bbdpeqiebotj1a.xn--p1ai/admin/util/util.php on line 154

Notice: Undefined index: Действует in /home/bitrix/ext_www/xn-----7kcbjk3bbdpeqiebotj1a.xn--p1ai/admin/util/util.php on line 154
БА0247105!=БА0247105----
PHP Notice:  Undefined index: Действует in /home/bitrix/ext_www/xn-----7kcbjk3bbdpeqiebotj1a.xn--p1ai/admin/util/util.php on line 154

Notice: Undefined index: Действует in /home/bitrix/ext_www/xn-----7kcbjk3bbdpeqiebotj1a.xn--p1ai/admin/util/util.php on line 154
БА0247483!=БА0247483----
PHP Notice:  Undefined index: Действует in /home/bitrix/ext_www/xn-----7kcbjk3bbdpeqiebotj1a.xn--p1ai/admin/util/util.php on line 154

Notice: Undefined index: Действует in /home/bitrix/ext_www/xn-----7kcbjk3bbdpeqiebotj1a.xn--p1ai/admin/util/util.php on line 154
БА0247482!=БА0247482----
PHP Notice:  Undefined index: Действует in /home/bitrix/ext_www/xn-----7kcbjk3bbdpeqiebotj1a.xn--p1ai/admin/util/util.php on line 154

Notice: Undefined index: Действует in /home/bitrix/ext_www/xn-----7kcbjk3bbdpeqiebotj1a.xn--p1ai/admin/util/util.php on line 154
БА0247518!=БА0247518----
PHP Notice:  Undefined index: Действует in /home/bitrix/ext_www/xn-----7kcbjk3bbdpeqiebotj1a.xn--p1ai/admin/util/util.php on line 154

Notice: Undefined index: Действует in /home/bitrix/ext_www/xn-----7kcbjk3bbdpeqiebotj1a.xn--p1ai/admin/util/util.php on line 154
БА0248952!=БА0248952----
PHP Notice:  Undefined index: Действует in /home/bitrix/ext_www/xn-----7kcbjk3bbdpeqiebotj1a.xn--p1ai/admin/util/util.php on line 154

Notice: Undefined index: Действует in /home/bitrix/ext_www/xn-----7kcbjk3bbdpeqiebotj1a.xn--p1ai/admin/util/util.php on line 154
БА0248947!=БА0248947----
PHP Notice:  Undefined index: Действует in /home/bitrix/ext_www/xn-----7kcbjk3bbdpeqiebotj1a.xn--p1ai/admin/util/util.php on line 154

Notice: Undefined index: Действует in /home/bitrix/ext_www/xn-----7kcbjk3bbdpeqiebotj1a.xn--p1ai/admin/util/util.php on line 154
БА0248954!=БА0248954----
PHP Notice:  Undefined index: Действует in /home/bitrix/ext_www/xn-----7kcbjk3bbdpeqiebotj1a.xn--p1ai/admin/util/util.php on line 154

Notice: Undefined index: Действует in /home/bitrix/ext_www/xn-----7kcbjk3bbdpeqiebotj1a.xn--p1ai/admin/util/util.php on line 154
БА0248872!=БА0248872----
PHP Notice:  Undefined index: Действует in /home/bitrix/ext_www/xn-----7kcbjk3bbdpeqiebotj1a.xn--p1ai/admin/util/util.php on line 154

Notice: Undefined index: Действует in /home/bitrix/ext_www/xn-----7kcbjk3bbdpeqiebotj1a.xn--p1ai/admin/util/util.php on line 154
БА0248338!=БА0248338----
PHP Notice:  Undefined index: Действует in /home/bitrix/ext_www/xn-----7kcbjk3bbdpeqiebotj1a.xn--p1ai/admin/util/util.php on line 154

Notice: Undefined index: Действует in /home/bitrix/ext_www/xn-----7kcbjk3bbdpeqiebotj1a.xn--p1ai/admin/util/util.php on line 154
БА0248374!=БА0248374----
PHP Notice:  Undefined index: Действует in /home/bitrix/ext_www/xn-----7kcbjk3bbdpeqiebotj1a.xn--p1ai/admin/util/util.php on line 154

Notice: Undefined index: Действует in /home/bitrix/ext_www/xn-----7kcbjk3bbdpeqiebotj1a.xn--p1ai/admin/util/util.php on line 154
БА0248965!=БА0248965----
PHP Notice:  Undefined index: Действует in /home/bitrix/ext_www/xn-----7kcbjk3bbdpeqiebotj1a.xn--p1ai/admin/util/util.php on line 154

Notice: Undefined index: Действует in /home/bitrix/ext_www/xn-----7kcbjk3bbdpeqiebotj1a.xn--p1ai/admin/util/util.php on line 154
БА0247889!=БА0247889----
PHP Notice:  Undefined index: Действует in /home/bitrix/ext_www/xn-----7kcbjk3bbdpeqiebotj1a.xn--p1ai/admin/util/util.php on line 154

Notice: Undefined index: Действует in /home/bitrix/ext_www/xn-----7kcbjk3bbdpeqiebotj1a.xn--p1ai/admin/util/util.php on line 154
БА0247887!=БА0247887----
PHP Notice:  Undefined index: Действует in /home/bitrix/ext_www/xn-----7kcbjk3bbdpeqiebotj1a.xn--p1ai/admin/util/util.php on line 154

Notice: Undefined index: Действует in /home/bitrix/ext_www/xn-----7kcbjk3bbdpeqiebotj1a.xn--p1ai/admin/util/util.php on line 154
БА0247834!=БА0247834----
PHP Notice:  Undefined index: Действует in /home/bitrix/ext_www/xn-----7kcbjk3bbdpeqiebotj1a.xn--p1ai/admin/util/util.php on line 154

Notice: Undefined index: Действует in /home/bitrix/ext_www/xn-----7kcbjk3bbdpeqiebotj1a.xn--p1ai/admin/util/util.php on line 154
БА0247885!=БА0247885----
PHP Notice:  Undefined index: Действует in /home/bitrix/ext_www/xn-----7kcbjk3bbdpeqiebotj1a.xn--p1ai/admin/util/util.php on line 154

Notice: Undefined index: Действует in /home/bitrix/ext_www/xn-----7kcbjk3bbdpeqiebotj1a.xn--p1ai/admin/util/util.php on line 154
БА0247888!=БА0247888----
PHP Notice:  Undefined index: Действует in /home/bitrix/ext_www/xn-----7kcbjk3bbdpeqiebotj1a.xn--p1ai/admin/util/util.php on line 154

Notice: Undefined index: Действует in /home/bitrix/ext_www/xn-----7kcbjk3bbdpeqiebotj1a.xn--p1ai/admin/util/util.php on line 154
БА0248340!=БА0248340----
PHP Notice:  Undefined index: Действует in /home/bitrix/ext_www/xn-----7kcbjk3bbdpeqiebotj1a.xn--p1ai/admin/util/util.php on line 154

Notice: Undefined index: Действует in /home/bitrix/ext_www/xn-----7kcbjk3bbdpeqiebotj1a.xn--p1ai/admin/util/util.php on line 154
БА0248337!=БА0248337----
PHP Notice:  Undefined index: Действует in /home/bitrix/ext_www/xn-----7kcbjk3bbdpeqiebotj1a.xn--p1ai/admin/util/util.php on line 154

Notice: Undefined index: Действует in /home/bitrix/ext_www/xn-----7kcbjk3bbdpeqiebotj1a.xn--p1ai/admin/util/util.php on line 154
БА0248345!=БА0248345----
PHP Notice:  Undefined index: Действует in /home/bitrix/ext_www/xn-----7kcbjk3bbdpeqiebotj1a.xn--p1ai/admin/util/util.php on line 154

Notice: Undefined index: Действует in /home/bitrix/ext_www/xn-----7kcbjk3bbdpeqiebotj1a.xn--p1ai/admin/util/util.php on line 154
БА0248346!=БА0248346----
PHP Notice:  Undefined index: Действует in /home/bitrix/ext_www/xn-----7kcbjk3bbdpeqiebotj1a.xn--p1ai/admin/util/util.php on line 154

Notice: Undefined index: Действует in /home/bitrix/ext_www/xn-----7kcbjk3bbdpeqiebotj1a.xn--p1ai/admin/util/util.php on line 154
БА0248339!=БА0248339----
PHP Notice:  Undefined index: Действует in /home/bitrix/ext_www/xn-----7kcbjk3bbdpeqiebotj1a.xn--p1ai/admin/util/util.php on line 154

Notice: Undefined index: Действует in /home/bitrix/ext_www/xn-----7kcbjk3bbdpeqiebotj1a.xn--p1ai/admin/util/util.php on line 154
БА0248359!=БА0248359----
PHP Notice:  Undefined index: Действует in /home/bitrix/ext_www/xn-----7kcbjk3bbdpeqiebotj1a.xn--p1ai/admin/util/util.php on line 154

Notice: Undefined index: Действует in /home/bitrix/ext_www/xn-----7kcbjk3bbdpeqiebotj1a.xn--p1ai/admin/util/util.php on line 154
БА0248353!=БА0248353----
PHP Notice:  Undefined index: Действует in /home/bitrix/ext_www/xn-----7kcbjk3bbdpeqiebotj1a.xn--p1ai/admin/util/util.php on line 154

Notice: Undefined index: Действует in /home/bitrix/ext_www/xn-----7kcbjk3bbdpeqiebotj1a.xn--p1ai/admin/util/util.php on line 154
БА0248352!=БА0248352----
PHP Notice:  Undefined index: Действует in /home/bitrix/ext_www/xn-----7kcbjk3bbdpeqiebotj1a.xn--p1ai/admin/util/util.php on line 154

Notice: Undefined index: Действует in /home/bitrix/ext_www/xn-----7kcbjk3bbdpeqiebotj1a.xn--p1ai/admin/util/util.php on line 154
БА0248919!=БА0248919----
PHP Notice:  Undefined index: Действует in /home/bitrix/ext_www/xn-----7kcbjk3bbdpeqiebotj1a.xn--p1ai/admin/util/util.php on line 154

Notice: Undefined index: Действует in /home/bitrix/ext_www/xn-----7kcbjk3bbdpeqiebotj1a.xn--p1ai/admin/util/util.php on line 154
БА0249442!=БА0249442----
PHP Notice:  Undefined index: Действует in /home/bitrix/ext_www/xn-----7kcbjk3bbdpeqiebotj1a.xn--p1ai/admin/util/util.php on line 154

Notice: Undefined index: Действует in /home/bitrix/ext_www/xn-----7kcbjk3bbdpeqiebotj1a.xn--p1ai/admin/util/util.php on line 154
БА0248582!=БА0248582----
PHP Notice:  Undefined index: Действует in /home/bitrix/ext_www/xn-----7kcbjk3bbdpeqiebotj1a.xn--p1ai/admin/util/util.php on line 154

Notice: Undefined index: Действует in /home/bitrix/ext_www/xn-----7kcbjk3bbdpeqiebotj1a.xn--p1ai/admin/util/util.php on line 154
БА0248583!=БА0248583----
PHP Notice:  Undefined index: Действует in /home/bitrix/ext_www/xn-----7kcbjk3bbdpeqiebotj1a.xn--p1ai/admin/util/util.php on line 154

Notice: Undefined index: Действует in /home/bitrix/ext_www/xn-----7kcbjk3bbdpeqiebotj1a.xn--p1ai/admin/util/util.php on line 154
БА0248870!=БА0248870----
PHP Notice:  Undefined index: Действует in /home/bitrix/ext_www/xn-----7kcbjk3bbdpeqiebotj1a.xn--p1ai/admin/util/util.php on line 154

Notice: Undefined index: Действует in /home/bitrix/ext_www/xn-----7kcbjk3bbdpeqiebotj1a.xn--p1ai/admin/util/util.php on line 154
БА0248868!=БА0248868----
PHP Notice:  Undefined index: Действует in /home/bitrix/ext_www/xn-----7kcbjk3bbdpeqiebotj1a.xn--p1ai/admin/util/util.php on line 154

Notice: Undefined index: Действует in /home/bitrix/ext_www/xn-----7kcbjk3bbdpeqiebotj1a.xn--p1ai/admin/util/util.php on line 154
БА0248514!=БА0248514----
PHP Notice:  Undefined index: Действует in /home/bitrix/ext_www/xn-----7kcbjk3bbdpeqiebotj1a.xn--p1ai/admin/util/util.php on line 154

Notice: Undefined index: Действует in /home/bitrix/ext_www/xn-----7kcbjk3bbdpeqiebotj1a.xn--p1ai/admin/util/util.php on line 154
БА0248510!=БА0248510----
PHP Notice:  Undefined index: Действует in /home/bitrix/ext_www/xn-----7kcbjk3bbdpeqiebotj1a.xn--p1ai/admin/util/util.php on line 154

Notice: Undefined index: Действует in /home/bitrix/ext_www/xn-----7kcbjk3bbdpeqiebotj1a.xn--p1ai/admin/util/util.php on line 154
БА0248511!=БА0248511----
PHP Notice:  Undefined index: Действует in /home/bitrix/ext_www/xn-----7kcbjk3bbdpeqiebotj1a.xn--p1ai/admin/util/util.php on line 154

Notice: Undefined index: Действует in /home/bitrix/ext_www/xn-----7kcbjk3bbdpeqiebotj1a.xn--p1ai/admin/util/util.php on line 154
БА0248516!=БА0248516----
PHP Notice:  Undefined index: Действует in /home/bitrix/ext_www/xn-----7kcbjk3bbdpeqiebotj1a.xn--p1ai/admin/util/util.php on line 154

Notice: Undefined index: Действует in /home/bitrix/ext_www/xn-----7kcbjk3bbdpeqiebotj1a.xn--p1ai/admin/util/util.php on line 154
БА0248507!=БА0248507----
PHP Notice:  Undefined index: Действует in /home/bitrix/ext_www/xn-----7kcbjk3bbdpeqiebotj1a.xn--p1ai/admin/util/util.php on line 154

Notice: Undefined index: Действует in /home/bitrix/ext_www/xn-----7kcbjk3bbdpeqiebotj1a.xn--p1ai/admin/util/util.php on line 154
БА0248867!=БА0248867----
PHP Notice:  Undefined index: Действует in /home/bitrix/ext_www/xn-----7kcbjk3bbdpeqiebotj1a.xn--p1ai/admin/util/util.php on line 154

Notice: Undefined index: Действует in /home/bitrix/ext_www/xn-----7kcbjk3bbdpeqiebotj1a.xn--p1ai/admin/util/util.php on line 154
БА0249641!=БА0249641----
PHP Notice:  Undefined index: Действует in /home/bitrix/ext_www/xn-----7kcbjk3bbdpeqiebotj1a.xn--p1ai/admin/util/util.php on line 154

Notice: Undefined index: Действует in /home/bitrix/ext_www/xn-----7kcbjk3bbdpeqiebotj1a.xn--p1ai/admin/util/util.php on line 154
БА0249655!=БА0249655----
PHP Notice:  Undefined index: Действует in /home/bitrix/ext_www/xn-----7kcbjk3bbdpeqiebotj1a.xn--p1ai/admin/util/util.php on line 154

Notice: Undefined index: Действует in /home/bitrix/ext_www/xn-----7kcbjk3bbdpeqiebotj1a.xn--p1ai/admin/util/util.php on line 154
БА0249654!=БА0249654----
PHP Notice:  Undefined index: Действует in /home/bitrix/ext_www/xn-----7kcbjk3bbdpeqiebotj1a.xn--p1ai/admin/util/util.php on line 154

Notice: Undefined index: Действует in /home/bitrix/ext_www/xn-----7kcbjk3bbdpeqiebotj1a.xn--p1ai/admin/util/util.php on line 154
БА0249653!=БА0249653----
PHP Notice:  Undefined index: Действует in /home/bitrix/ext_www/xn-----7kcbjk3bbdpeqiebotj1a.xn--p1ai/admin/util/util.php on line 154

Notice: Undefined index: Действует in /home/bitrix/ext_www/xn-----7kcbjk3bbdpeqiebotj1a.xn--p1ai/admin/util/util.php on line 154
БА0249646!=БА0249646----
PHP Notice:  Undefined index: Действует in /home/bitrix/ext_www/xn-----7kcbjk3bbdpeqiebotj1a.xn--p1ai/admin/util/util.php on line 154

Notice: Undefined index: Действует in /home/bitrix/ext_www/xn-----7kcbjk3bbdpeqiebotj1a.xn--p1ai/admin/util/util.php on line 154
БА0249648!=БА0249648----
PHP Notice:  Undefined index: Действует in /home/bitrix/ext_www/xn-----7kcbjk3bbdpeqiebotj1a.xn--p1ai/admin/util/util.php on line 154

Notice: Undefined index: Действует in /home/bitrix/ext_www/xn-----7kcbjk3bbdpeqiebotj1a.xn--p1ai/admin/util/util.php on line 154
БА0249656!=БА0249656----
PHP Notice:  Undefined index: Действует in /home/bitrix/ext_www/xn-----7kcbjk3bbdpeqiebotj1a.xn--p1ai/admin/util/util.php on line 154

Notice: Undefined index: Действует in /home/bitrix/ext_www/xn-----7kcbjk3bbdpeqiebotj1a.xn--p1ai/admin/util/util.php on line 154
БА0249639!=БА0249639----
PHP Notice:  Undefined index: Действует in /home/bitrix/ext_www/xn-----7kcbjk3bbdpeqiebotj1a.xn--p1ai/admin/util/util.php on line 154

Notice: Undefined index: Действует in /home/bitrix/ext_www/xn-----7kcbjk3bbdpeqiebotj1a.xn--p1ai/admin/util/util.php on line 154
БА0249657!=БА0249657----
PHP Notice:  Undefined index: Действует in /home/bitrix/ext_www/xn-----7kcbjk3bbdpeqiebotj1a.xn--p1ai/admin/util/util.php on line 154

Notice: Undefined index: Действует in /home/bitrix/ext_www/xn-----7kcbjk3bbdpeqiebotj1a.xn--p1ai/admin/util/util.php on line 154
БА0249650!=БА0249650----
PHP Notice:  Undefined index: Действует in /home/bitrix/ext_www/xn-----7kcbjk3bbdpeqiebotj1a.xn--p1ai/admin/util/util.php on line 154

Notice: Undefined index: Действует in /home/bitrix/ext_www/xn-----7kcbjk3bbdpeqiebotj1a.xn--p1ai/admin/util/util.php on line 154
БА0249647!=БА0249647----
PHP Notice:  Undefined index: Действует in /home/bitrix/ext_www/xn-----7kcbjk3bbdpeqiebotj1a.xn--p1ai/admin/util/util.php on line 154

Notice: Undefined index: Действует in /home/bitrix/ext_www/xn-----7kcbjk3bbdpeqiebotj1a.xn--p1ai/admin/util/util.php on line 154
БА0249652!=БА0249652----
PHP Notice:  Undefined index: Действует in /home/bitrix/ext_www/xn-----7kcbjk3bbdpeqiebotj1a.xn--p1ai/admin/util/util.php on line 154

Notice: Undefined index: Действует in /home/bitrix/ext_www/xn-----7kcbjk3bbdpeqiebotj1a.xn--p1ai/admin/util/util.php on line 154
БА0249649!=БА0249649----
PHP Notice:  Undefined index: Действует in /home/bitrix/ext_www/xn-----7kcbjk3bbdpeqiebotj1a.xn--p1ai/admin/util/util.php on line 154

Notice: Undefined index: Действует in /home/bitrix/ext_www/xn-----7kcbjk3bbdpeqiebotj1a.xn--p1ai/admin/util/util.php on line 154
БА0249651!=БА0249651----
PHP Notice:  Undefined index: Действует in /home/bitrix/ext_www/xn-----7kcbjk3bbdpeqiebotj1a.xn--p1ai/admin/util/util.php on line 154

Notice: Undefined index: Действует in /home/bitrix/ext_www/xn-----7kcbjk3bbdpeqiebotj1a.xn--p1ai/admin/util/util.php on line 154
БА0249835!=БА0249835----
PHP Notice:  Undefined index: Действует in /home/bitrix/ext_www/xn-----7kcbjk3bbdpeqiebotj1a.xn--p1ai/admin/util/util.php on line 154

Notice: Undefined index: Действует in /home/bitrix/ext_www/xn-----7kcbjk3bbdpeqiebotj1a.xn--p1ai/admin/util/util.php on line 154
БА0249836!=БА0249836----
PHP Notice:  Undefined index: Действует in /home/bitrix/ext_www/xn-----7kcbjk3bbdpeqiebotj1a.xn--p1ai/admin/util/util.php on line 154

Notice: Undefined index: Действует in /home/bitrix/ext_www/xn-----7kcbjk3bbdpeqiebotj1a.xn--p1ai/admin/util/util.php on line 154
БА0250634!=БА0250634----
PHP Notice:  Undefined index: Действует in /home/bitrix/ext_www/xn-----7kcbjk3bbdpeqiebotj1a.xn--p1ai/admin/util/util.php on line 154

Notice: Undefined index: Действует in /home/bitrix/ext_www/xn-----7kcbjk3bbdpeqiebotj1a.xn--p1ai/admin/util/util.php on line 154
БА0250346!=БА0250346----
PHP Notice:  Undefined index: Действует in /home/bitrix/ext_www/xn-----7kcbjk3bbdpeqiebotj1a.xn--p1ai/admin/util/util.php on line 154

Notice: Undefined index: Действует in /home/bitrix/ext_www/xn-----7kcbjk3bbdpeqiebotj1a.xn--p1ai/admin/util/util.php on line 154
БА0250922!=БА0250922----
PHP Notice:  Undefined index: Действует in /home/bitrix/ext_www/xn-----7kcbjk3bbdpeqiebotj1a.xn--p1ai/admin/util/util.php on line 154

Notice: Undefined index: Действует in /home/bitrix/ext_www/xn-----7kcbjk3bbdpeqiebotj1a.xn--p1ai/admin/util/util.php on line 154
БА0250350!=БА0250350----
PHP Notice:  Undefined index: Действует in /home/bitrix/ext_www/xn-----7kcbjk3bbdpeqiebotj1a.xn--p1ai/admin/util/util.php on line 154

Notice: Undefined index: Действует in /home/bitrix/ext_www/xn-----7kcbjk3bbdpeqiebotj1a.xn--p1ai/admin/util/util.php on line 154
БА0250347!=БА0250347----
PHP Notice:  Undefined index: Действует in /home/bitrix/ext_www/xn-----7kcbjk3bbdpeqiebotj1a.xn--p1ai/admin/util/util.php on line 154

Notice: Undefined index: Действует in /home/bitrix/ext_www/xn-----7kcbjk3bbdpeqiebotj1a.xn--p1ai/admin/util/util.php on line 154
БА0250348!=БА0250348----
PHP Notice:  Undefined index: Действует in /home/bitrix/ext_www/xn-----7kcbjk3bbdpeqiebotj1a.xn--p1ai/admin/util/util.php on line 154

Notice: Undefined index: Действует in /home/bitrix/ext_www/xn-----7kcbjk3bbdpeqiebotj1a.xn--p1ai/admin/util/util.php on line 154
БА0250881!=БА0250881----
PHP Notice:  Undefined index: Действует in /home/bitrix/ext_www/xn-----7kcbjk3bbdpeqiebotj1a.xn--p1ai/admin/util/util.php on line 154

Notice: Undefined index: Действует in /home/bitrix/ext_www/xn-----7kcbjk3bbdpeqiebotj1a.xn--p1ai/admin/util/util.php on line 154
БА0250351!=БА0250351----
PHP Notice:  Undefined index: Действует in /home/bitrix/ext_www/xn-----7kcbjk3bbdpeqiebotj1a.xn--p1ai/admin/util/util.php on line 154

Notice: Undefined index: Действует in /home/bitrix/ext_www/xn-----7kcbjk3bbdpeqiebotj1a.xn--p1ai/admin/util/util.php on line 154
БА0250349!=БА0250349----
PHP Notice:  Undefined index: Действует in /home/bitrix/ext_www/xn-----7kcbjk3bbdpeqiebotj1a.xn--p1ai/admin/util/util.php on line 154

Notice: Undefined index: Действует in /home/bitrix/ext_www/xn-----7kcbjk3bbdpeqiebotj1a.xn--p1ai/admin/util/util.php on line 154
БА0250880!=БА0250880----
PHP Notice:  Undefined index: Действует in /home/bitrix/ext_www/xn-----7kcbjk3bbdpeqiebotj1a.xn--p1ai/admin/util/util.php on line 154

Notice: Undefined index: Действует in /home/bitrix/ext_www/xn-----7kcbjk3bbdpeqiebotj1a.xn--p1ai/admin/util/util.php on line 154
БА0250831!=БА0250831----
PHP Notice:  Undefined index: Действует in /home/bitrix/ext_www/xn-----7kcbjk3bbdpeqiebotj1a.xn--p1ai/admin/util/util.php on line 154

Notice: Undefined index: Действует in /home/bitrix/ext_www/xn-----7kcbjk3bbdpeqiebotj1a.xn--p1ai/admin/util/util.php on line 154
БА0250867!=БА0250867----
PHP Notice:  Undefined index: Действует in /home/bitrix/ext_www/xn-----7kcbjk3bbdpeqiebotj1a.xn--p1ai/admin/util/util.php on line 154

Notice: Undefined index: Действует in /home/bitrix/ext_www/xn-----7kcbjk3bbdpeqiebotj1a.xn--p1ai/admin/util/util.php on line 154
БА0251333!=БА0251333----
PHP Notice:  Undefined index: Действует in /home/bitrix/ext_www/xn-----7kcbjk3bbdpeqiebotj1a.xn--p1ai/admin/util/util.php on line 154

Notice: Undefined index: Действует in /home/bitrix/ext_www/xn-----7kcbjk3bbdpeqiebotj1a.xn--p1ai/admin/util/util.php on line 154
БА0251111!=БА0251111----
PHP Notice:  Undefined index: Действует in /home/bitrix/ext_www/xn-----7kcbjk3bbdpeqiebotj1a.xn--p1ai/admin/util/util.php on line 154

Notice: Undefined index: Действует in /home/bitrix/ext_www/xn-----7kcbjk3bbdpeqiebotj1a.xn--p1ai/admin/util/util.php on line 154
БА0251114!=БА0251114----
PHP Notice:  Undefined index: Действует in /home/bitrix/ext_www/xn-----7kcbjk3bbdpeqiebotj1a.xn--p1ai/admin/util/util.php on line 154

Notice: Undefined index: Действует in /home/bitrix/ext_www/xn-----7kcbjk3bbdpeqiebotj1a.xn--p1ai/admin/util/util.php on line 154
БА0251110!=БА0251110----
PHP Notice:  Undefined index: Действует in /home/bitrix/ext_www/xn-----7kcbjk3bbdpeqiebotj1a.xn--p1ai/admin/util/util.php on line 154

Notice: Undefined index: Действует in /home/bitrix/ext_www/xn-----7kcbjk3bbdpeqiebotj1a.xn--p1ai/admin/util/util.php on line 154
БА0251328!=БА0251328----
PHP Notice:  Undefined index: Действует in /home/bitrix/ext_www/xn-----7kcbjk3bbdpeqiebotj1a.xn--p1ai/admin/util/util.php on line 154

Notice: Undefined index: Действует in /home/bitrix/ext_www/xn-----7kcbjk3bbdpeqiebotj1a.xn--p1ai/admin/util/util.php on line 154
БА0251331!=БА0251331----
PHP Notice:  Undefined index: Действует in /home/bitrix/ext_www/xn-----7kcbjk3bbdpeqiebotj1a.xn--p1ai/admin/util/util.php on line 154

Notice: Undefined index: Действует in /home/bitrix/ext_www/xn-----7kcbjk3bbdpeqiebotj1a.xn--p1ai/admin/util/util.php on line 154
БА0251332!=БА0251332----
PHP Notice:  Undefined index: Действует in /home/bitrix/ext_www/xn-----7kcbjk3bbdpeqiebotj1a.xn--p1ai/admin/util/util.php on line 154

Notice: Undefined index: Действует in /home/bitrix/ext_www/xn-----7kcbjk3bbdpeqiebotj1a.xn--p1ai/admin/util/util.php on line 154
БА0251325!=БА0251325----
PHP Notice:  Undefined index: Действует in /home/bitrix/ext_www/xn-----7kcbjk3bbdpeqiebotj1a.xn--p1ai/admin/util/util.php on line 154

Notice: Undefined index: Действует in /home/bitrix/ext_www/xn-----7kcbjk3bbdpeqiebotj1a.xn--p1ai/admin/util/util.php on line 154
БА0251528!=БА0251528----
PHP Notice:  Undefined index: Действует in /home/bitrix/ext_www/xn-----7kcbjk3bbdpeqiebotj1a.xn--p1ai/admin/util/util.php on line 154

Notice: Undefined index: Действует in /home/bitrix/ext_www/xn-----7kcbjk3bbdpeqiebotj1a.xn--p1ai/admin/util/util.php on line 154
БА0215490!=БА0215490----
PHP Notice:  Undefined index: Действует in /home/bitrix/ext_www/xn-----7kcbjk3bbdpeqiebotj1a.xn--p1ai/admin/util/util.php on line 154

Notice: Undefined index: Действует in /home/bitrix/ext_www/xn-----7kcbjk3bbdpeqiebotj1a.xn--p1ai/admin/util/util.php on line 154
БА0218400!=БА0218400----
PHP Notice:  Undefined index: Действует in /home/bitrix/ext_www/xn-----7kcbjk3bbdpeqiebotj1a.xn--p1ai/admin/util/util.php on line 154

Notice: Undefined index: Действует in /home/bitrix/ext_www/xn-----7kcbjk3bbdpeqiebotj1a.xn--p1ai/admin/util/util.php on line 154
БА0215273!=БА0215273----
PHP Notice:  Undefined index: Действует in /home/bitrix/ext_www/xn-----7kcbjk3bbdpeqiebotj1a.xn--p1ai/admin/util/util.php on line 154

Notice: Undefined index: Действует in /home/bitrix/ext_www/xn-----7kcbjk3bbdpeqiebotj1a.xn--p1ai/admin/util/util.php on line 154
БА0251685!=БА0251685----
PHP Notice:  Undefined index: Действует in /home/bitrix/ext_www/xn-----7kcbjk3bbdpeqiebotj1a.xn--p1ai/admin/util/util.php on line 154

Notice: Undefined index: Действует in /home/bitrix/ext_www/xn-----7kcbjk3bbdpeqiebotj1a.xn--p1ai/admin/util/util.php on line 154
БА0251688!=БА0251688----
PHP Notice:  Undefined index: Действует in /home/bitrix/ext_www/xn-----7kcbjk3bbdpeqiebotj1a.xn--p1ai/admin/util/util.php on line 154

Notice: Undefined index: Действует in /home/bitrix/ext_www/xn-----7kcbjk3bbdpeqiebotj1a.xn--p1ai/admin/util/util.php on line 154
БА0171887!=БА0171887----
PHP Notice:  Undefined index: Действует in /home/bitrix/ext_www/xn-----7kcbjk3bbdpeqiebotj1a.xn--p1ai/admin/util/util.php on line 154

Notice: Undefined index: Действует in /home/bitrix/ext_www/xn-----7kcbjk3bbdpeqiebotj1a.xn--p1ai/admin/util/util.php on line 154
БА0170554!=БА0170554----
PHP Notice:  Undefined index: Действует in /home/bitrix/ext_www/xn-----7kcbjk3bbdpeqiebotj1a.xn--p1ai/admin/util/util.php on line 154

Notice: Undefined index: Действует in /home/bitrix/ext_www/xn-----7kcbjk3bbdpeqiebotj1a.xn--p1ai/admin/util/util.php on line 154
БА0251735!=БА0251735----
PHP Notice:  Undefined index: Действует in /home/bitrix/ext_www/xn-----7kcbjk3bbdpeqiebotj1a.xn--p1ai/admin/util/util.php on line 154

Notice: Undefined index: Действует in /home/bitrix/ext_www/xn-----7kcbjk3bbdpeqiebotj1a.xn--p1ai/admin/util/util.php on line 154
ББ0606852!=ББ0606852----
PHP Notice:  Undefined index: Действует in /home/bitrix/ext_www/xn-----7kcbjk3bbdpeqiebotj1a.xn--p1ai/admin/util/util.php on line 154

Notice: Undefined index: Действует in /home/bitrix/ext_www/xn-----7kcbjk3bbdpeqiebotj1a.xn--p1ai/admin/util/util.php on line 154
ББ0606853!=ББ0606853----
PHP Notice:  Undefined index: Действует in /home/bitrix/ext_www/xn-----7kcbjk3bbdpeqiebotj1a.xn--p1ai/admin/util/util.php on line 154

Notice: Undefined index: Действует in /home/bitrix/ext_www/xn-----7kcbjk3bbdpeqiebotj1a.xn--p1ai/admin/util/util.php on line 154
ББ0606845!=ББ0606845----
PHP Notice:  Undefined index: Действует in /home/bitrix/ext_www/xn-----7kcbjk3bbdpeqiebotj1a.xn--p1ai/admin/util/util.php on line 154

Notice: Undefined index: Действует in /home/bitrix/ext_www/xn-----7kcbjk3bbdpeqiebotj1a.xn--p1ai/admin/util/util.php on line 154
